0 info it worked if it ends with ok
1 verbose cli [ '/usr/bin/nodejs', '/usr/local/bin/npm', 'run', 'devserv' ]
2 info using npm@4.0.5
3 info using node@v6.10.0
4 verbose stack Error: ENOENT: no such file or directory, open '/media/data/Uni/Year3/dissertation/package.json'
4 verbose stack     at Error (native)
5 verbose cwd /media/data/Uni/Year3/dissertation
6 error Linux 3.13.0-110-generic
7 error argv "/usr/bin/nodejs" "/usr/local/bin/npm" "run" "devserv"
8 error node v6.10.0
9 error npm  v4.0.5
10 error path /media/data/Uni/Year3/dissertation/package.json
11 error code ENOENT
12 error errno -2
13 error syscall open
14 error enoent ENOENT: no such file or directory, open '/media/data/Uni/Year3/dissertation/package.json'
15 error enoent ENOENT: no such file or directory, open '/media/data/Uni/Year3/dissertation/package.json'
15 error enoent This is most likely not a problem with npm itself
15 error enoent and is related to npm not being able to find a file.
16 verbose exit [ -2, true ]
