0 info it worked if it ends with ok
1 verbose cli [ '/usr/bin/nodejs', '/usr/local/bin/npm', 'run', 'devserv' ]
2 info using npm@4.0.5
3 info using node@v6.9.4
4 verbose run-script [ 'predevserv', 'devserv', 'postdevserv' ]
5 info lifecycle Dissertation@1.0.0~predevserv: Dissertation@1.0.0
6 silly lifecycle Dissertation@1.0.0~predevserv: no script for predevserv, continuing
7 info lifecycle Dissertation@1.0.0~devserv: Dissertation@1.0.0
8 verbose lifecycle Dissertation@1.0.0~devserv: unsafe-perm in lifecycle true
9 verbose lifecycle Dissertation@1.0.0~devserv: PATH: /usr/local/lib/node_modules/npm/bin/node-gyp-bin:/media/data/Uni/Year3/dissertation/code/node_modules/.bin:/usr/local/sbin:/usr/local/bin:/usr/sbin:/usr/bin:/sbin:/bin:/usr/games:/usr/local/games
10 verbose lifecycle Dissertation@1.0.0~devserv: CWD: /media/data/Uni/Year3/dissertation/code
11 silly lifecycle Dissertation@1.0.0~devserv: Args: [ '-c', 'webpack-dev-server' ]
12 silly lifecycle Dissertation@1.0.0~devserv: Returned: code: 1  signal: null
13 info lifecycle Dissertation@1.0.0~devserv: Failed to exec devserv script
14 verbose stack Error: Dissertation@1.0.0 devserv: `webpack-dev-server`
14 verbose stack Exit status 1
14 verbose stack     at EventEmitter.<anonymous> (/usr/local/lib/node_modules/npm/lib/utils/lifecycle.js:279:16)
14 verbose stack     at emitTwo (events.js:106:13)
14 verbose stack     at EventEmitter.emit (events.js:191:7)
14 verbose stack     at ChildProcess.<anonymous> (/usr/local/lib/node_modules/npm/lib/utils/spawn.js:40:14)
14 verbose stack     at emitTwo (events.js:106:13)
14 verbose stack     at ChildProcess.emit (events.js:191:7)
14 verbose stack     at maybeClose (internal/child_process.js:877:16)
14 verbose stack     at Process.ChildProcess._handle.onexit (internal/child_process.js:226:5)
15 verbose pkgid Dissertation@1.0.0
16 verbose cwd /media/data/Uni/Year3/dissertation/code
17 error Linux 3.13.0-107-generic
18 error argv "/usr/bin/nodejs" "/usr/local/bin/npm" "run" "devserv"
19 error node v6.9.4
20 error npm  v4.0.5
21 error code ELIFECYCLE
22 error Dissertation@1.0.0 devserv: `webpack-dev-server`
22 error Exit status 1
23 error Failed at the Dissertation@1.0.0 devserv script 'webpack-dev-server'.
23 error Make sure you have the latest version of node.js and npm installed.
23 error If you do, this is most likely a problem with the Dissertation package,
23 error not with npm itself.
23 error Tell the author that this fails on your system:
23 error     webpack-dev-server
23 error You can get information on how to open an issue for this project with:
23 error     npm bugs Dissertation
23 error Or if that isn't available, you can get their info via:
23 error     npm owner ls Dissertation
23 error There is likely additional logging output above.
24 verbose exit [ 1, true ]
