This is pdfTeX, Version 3.1415926-2.5-1.40.14 (TeX Live 2013/Debian) (format=pdflatex 2016.10.10)  8 MAR 2017 20:26
entering extended mode
 restricted \write18 enabled.
 %&-line parsing enabled.
**diss.tex
(./diss.tex
LaTeX2e <2011/06/27>
Babel <3.9h> and hyphenation patterns for 2 languages loaded.
(/usr/share/texlive/texmf-dist/tex/latex/base/report.cls
Document Class: report 2007/10/19 v1.4h Standard LaTeX document class
(/usr/share/texlive/texmf-dist/tex/latex/base/size12.clo
File: size12.clo 2007/10/19 v1.4h Standard LaTeX file (size option)
)
\c@part=\count79
\c@chapter=\count80
\c@section=\count81
\c@subsection=\count82
\c@subsubsection=\count83
\c@paragraph=\count84
\c@subparagraph=\count85
\c@figure=\count86
\c@table=\count87
\abovecaptionskip=\skip41
\belowcaptionskip=\skip42
\bibindent=\dimen102
)
(/usr/share/texlive/texmf-dist/tex/latex/hyperref/hyperref.sty
Package: hyperref 2012/11/06 v6.83m Hypertext links for LaTeX

(/usr/share/texlive/texmf-dist/tex/generic/oberdiek/hobsub-hyperref.sty
Package: hobsub-hyperref 2012/05/28 v1.13 Bundle oberdiek, subset hyperref (HO)


(/usr/share/texlive/texmf-dist/tex/generic/oberdiek/hobsub-generic.sty
Package: hobsub-generic 2012/05/28 v1.13 Bundle oberdiek, subset generic (HO)
Package: hobsub 2012/05/28 v1.13 Construct package bundles (HO)
Package: infwarerr 2010/04/08 v1.3 Providing info/warning/error messages (HO)
Package: ltxcmds 2011/11/09 v1.22 LaTeX kernel commands for general use (HO)
Package: ifluatex 2010/03/01 v1.3 Provides the ifluatex switch (HO)
Package ifluatex Info: LuaTeX not detected.
Package: ifvtex 2010/03/01 v1.5 Detect VTeX and its facilities (HO)
Package ifvtex Info: VTeX not detected.
Package: intcalc 2007/09/27 v1.1 Expandable calculations with integers (HO)
Package: ifpdf 2011/01/30 v2.3 Provides the ifpdf switch (HO)
Package ifpdf Info: pdfTeX in PDF mode is detected.
Package: etexcmds 2011/02/16 v1.5 Avoid name clashes with e-TeX commands (HO)
Package etexcmds Info: Could not find \expanded.
(etexcmds)             That can mean that you are not using pdfTeX 1.50 or
(etexcmds)             that some package has redefined \expanded.
(etexcmds)             In the latter case, load this package earlier.
Package: kvsetkeys 2012/04/25 v1.16 Key value parser (HO)
Package: kvdefinekeys 2011/04/07 v1.3 Define keys (HO)
Package: pdftexcmds 2011/11/29 v0.20 Utility functions of pdfTeX for LuaTeX (HO
)
Package pdftexcmds Info: LuaTeX not detected.
Package pdftexcmds Info: \pdf@primitive is available.
Package pdftexcmds Info: \pdf@ifprimitive is available.
Package pdftexcmds Info: \pdfdraftmode found.
Package: pdfescape 2011/11/25 v1.13 Implements pdfTeX's escape features (HO)
Package: bigintcalc 2012/04/08 v1.3 Expandable calculations on big integers (HO
)
Package: bitset 2011/01/30 v1.1 Handle bit-vector datatype (HO)
Package: uniquecounter 2011/01/30 v1.2 Provide unlimited unique counter (HO)
)
Package hobsub Info: Skipping package `hobsub' (already loaded).
Package: letltxmacro 2010/09/02 v1.4 Let assignment for LaTeX macros (HO)
Package: hopatch 2012/05/28 v1.2 Wrapper for package hooks (HO)
Package: xcolor-patch 2011/01/30 xcolor patch
Package: atveryend 2011/06/30 v1.8 Hooks at the very end of document (HO)
Package atveryend Info: \enddocument detected (standard20110627).
Package: atbegshi 2011/10/05 v1.16 At begin shipout hook (HO)
Package: refcount 2011/10/16 v3.4 Data extraction from label references (HO)
Package: hycolor 2011/01/30 v1.7 Color options for hyperref/bookmark (HO)
)
(/usr/share/texlive/texmf-dist/tex/latex/graphics/keyval.sty
Package: keyval 1999/03/16 v1.13 key=value parser (DPC)
\KV@toks@=\toks14
)
(/usr/share/texlive/texmf-dist/tex/generic/ifxetex/ifxetex.sty
Package: ifxetex 2010/09/12 v0.6 Provides ifxetex conditional
)
(/usr/share/texlive/texmf-dist/tex/latex/oberdiek/auxhook.sty
Package: auxhook 2011/03/04 v1.3 Hooks for auxiliary files (HO)
)
(/usr/share/texlive/texmf-dist/tex/latex/oberdiek/kvoptions.sty
Package: kvoptions 2011/06/30 v3.11 Key value format for package options (HO)
)
\@linkdim=\dimen103
\Hy@linkcounter=\count88
\Hy@pagecounter=\count89

(/usr/share/texlive/texmf-dist/tex/latex/hyperref/pd1enc.def
File: pd1enc.def 2012/11/06 v6.83m Hyperref: PDFDocEncoding definition (HO)
)
\Hy@SavedSpaceFactor=\count90

(/usr/share/texlive/texmf-dist/tex/latex/latexconfig/hyperref.cfg
File: hyperref.cfg 2002/06/06 v1.2 hyperref configuration of TeXLive
)
Package hyperref Info: Hyper figures OFF on input line 4443.
Package hyperref Info: Link nesting OFF on input line 4448.
Package hyperref Info: Hyper index ON on input line 4451.
Package hyperref Info: Plain pages OFF on input line 4458.
Package hyperref Info: Backreferencing OFF on input line 4463.
Package hyperref Info: Implicit mode ON; LaTeX internals redefined.
Package hyperref Info: Bookmarks ON on input line 4688.
\c@Hy@tempcnt=\count91

(/usr/share/texlive/texmf-dist/tex/latex/url/url.sty
\Urlmuskip=\muskip10
Package: url 2013/09/16  ver 3.4  Verb mode for urls, etc.
)
LaTeX Info: Redefining \url on input line 5041.
\XeTeXLinkMargin=\dimen104
\Fld@menulength=\count92
\Field@Width=\dimen105
\Fld@charsize=\dimen106
Package hyperref Info: Hyper figures OFF on input line 6295.
Package hyperref Info: Link nesting OFF on input line 6300.
Package hyperref Info: Hyper index ON on input line 6303.
Package hyperref Info: backreferencing OFF on input line 6310.
Package hyperref Info: Link coloring OFF on input line 6315.
Package hyperref Info: Link coloring with OCG OFF on input line 6320.
Package hyperref Info: PDF/A mode OFF on input line 6325.
LaTeX Info: Redefining \ref on input line 6365.
LaTeX Info: Redefining \pageref on input line 6369.
\Hy@abspage=\count93
\c@Item=\count94
\c@Hfootnote=\count95
)

Package hyperref Message: Driver (autodetected): hpdftex.

(/usr/share/texlive/texmf-dist/tex/latex/hyperref/hpdftex.def
File: hpdftex.def 2012/11/06 v6.83m Hyperref driver for pdfTeX
\Fld@listcount=\count96
\c@bookmark@seq@number=\count97

(/usr/share/texlive/texmf-dist/tex/latex/oberdiek/rerunfilecheck.sty
Package: rerunfilecheck 2011/04/15 v1.7 Rerun checks for auxiliary files (HO)
Package uniquecounter Info: New unique counter `rerunfilecheck' on input line 2
82.
)
\Hy@SectionHShift=\skip43
)
(/usr/share/texlive/texmf-dist/tex/latex/geometry/geometry.sty
Package: geometry 2010/09/12 v5.6 Page Geometry
\Gm@cnth=\count98
\Gm@cntv=\count99
\c@Gm@tempcnt=\count100
\Gm@bindingoffset=\dimen107
\Gm@wd@mp=\dimen108
\Gm@odd@mp=\dimen109
\Gm@even@mp=\dimen110
\Gm@layoutwidth=\dimen111
\Gm@layoutheight=\dimen112
\Gm@layouthoffset=\dimen113
\Gm@layoutvoffset=\dimen114
\Gm@dimlist=\toks15
)
(/usr/share/texlive/texmf-dist/tex/latex/graphics/graphicx.sty
Package: graphicx 1999/02/16 v1.0f Enhanced LaTeX Graphics (DPC,SPQR)

(/usr/share/texlive/texmf-dist/tex/latex/graphics/graphics.sty
Package: graphics 2009/02/05 v1.0o Standard LaTeX Graphics (DPC,SPQR)

(/usr/share/texlive/texmf-dist/tex/latex/graphics/trig.sty
Package: trig 1999/03/16 v1.09 sin cos tan (DPC)
)
(/usr/share/texlive/texmf-dist/tex/latex/latexconfig/graphics.cfg
File: graphics.cfg 2010/04/23 v1.9 graphics configuration of TeX Live
)
Package graphics Info: Driver file: pdftex.def on input line 91.

(/usr/share/texlive/texmf-dist/tex/latex/pdftex-def/pdftex.def
File: pdftex.def 2011/05/27 v0.06d Graphics/color for pdfTeX
\Gread@gobject=\count101
))
\Gin@req@height=\dimen115
\Gin@req@width=\dimen116
)
(/usr/share/texlive/texmf-dist/tex/latex/tools/verbatim.sty
Package: verbatim 2003/08/22 v1.5q LaTeX2e package for verbatim enhancements
\every@verbatim=\toks16
\verbatim@line=\toks17
\verbatim@in@stream=\read1
) (./docmute.sty
Package: docmute 2012/03/22 v1.4 Input stand-alone documents
)
(./diss.aux

LaTeX Warning: Label `Lamport86' multiply defined.


LaTeX Warning: Label `Moore95' multiply defined.

)
\openout1 = `diss.aux'.

LaTeX Font Info:    Checking defaults for OML/cmm/m/it on input line 17.
LaTeX Font Info:    ... okay on input line 17.
LaTeX Font Info:    Checking defaults for T1/cmr/m/n on input line 17.
LaTeX Font Info:    ... okay on input line 17.
LaTeX Font Info:    Checking defaults for OT1/cmr/m/n on input line 17.
LaTeX Font Info:    ... okay on input line 17.
LaTeX Font Info:    Checking defaults for OMS/cmsy/m/n on input line 17.
LaTeX Font Info:    ... okay on input line 17.
LaTeX Font Info:    Checking defaults for OMX/cmex/m/n on input line 17.
LaTeX Font Info:    ... okay on input line 17.
LaTeX Font Info:    Checking defaults for U/cmr/m/n on input line 17.
LaTeX Font Info:    ... okay on input line 17.
LaTeX Font Info:    Checking defaults for PD1/pdf/m/n on input line 17.
LaTeX Font Info:    ... okay on input line 17.
\AtBeginShipoutBox=\box26
Package hyperref Info: Link coloring OFF on input line 17.
 (/usr/share/texlive/texmf-dist/tex/latex/hyperref/nameref.sty
Package: nameref 2012/10/27 v2.43 Cross-referencing by name of section

(/usr/share/texlive/texmf-dist/tex/generic/oberdiek/gettitlestring.sty
Package: gettitlestring 2010/12/03 v1.4 Cleanup title references (HO)
)
\c@section@level=\count102
)
LaTeX Info: Redefining \ref on input line 17.
LaTeX Info: Redefining \pageref on input line 17.
LaTeX Info: Redefining \nameref on input line 17.

(./diss.out) (./diss.out)
\@outlinefile=\write3
\openout3 = `diss.out'.


*geometry* driver: auto-detecting
*geometry* detected driver: pdftex
*geometry* verbose mode - [ preamble ] result:
* driver: pdftex
* paper: a4paper
* layout: <same size as paper>
* layoutoffset:(h,v)=(0.0pt,0.0pt)
* modes: twoside 
* h-part:(L,W,R)=(71.13188pt, 455.24411pt, 71.13188pt)
* v-part:(T,H,B)=(71.13188pt, 702.78308pt, 71.13188pt)
* \paperwidth=597.50787pt
* \paperheight=845.04684pt
* \textwidth=455.24411pt
* \textheight=702.78308pt
* \oddsidemargin=-1.1381pt
* \evensidemargin=-1.1381pt
* \topmargin=-38.1381pt
* \headheight=12.0pt
* \headsep=25.0pt
* \topskip=12.0pt
* \footskip=30.0pt
* \marginparwidth=85.0pt
* \marginparsep=10.0pt
* \columnsep=10.0pt
* \skip\footins=10.8pt plus 4.0pt minus 2.0pt
* \hoffset=0.0pt
* \voffset=0.0pt
* \mag=1000
* \@twocolumnfalse
* \@twosidetrue
* \@mparswitchtrue
* \@reversemarginfalse
* (1in=72.27pt=25.4mm, 1cm=28.453pt)

(/usr/share/texlive/texmf-dist/tex/context/base/supp-pdf.mkii
[Loading MPS to PDF converter (version 2006.09.02).]
\scratchcounter=\count103
\scratchdimen=\dimen117
\scratchbox=\box27
\nofMPsegments=\count104
\nofMParguments=\count105
\everyMPshowfont=\toks18
\MPscratchCnt=\count106
\MPscratchDim=\dimen118
\MPnumerator=\count107
\makeMPintoPDFobject=\count108
\everyMPtoPDFconversion=\toks19
) (/usr/share/texlive/texmf-dist/tex/latex/oberdiek/epstopdf-base.sty
Package: epstopdf-base 2010/02/09 v2.5 Base part for package epstopdf

(/usr/share/texlive/texmf-dist/tex/latex/oberdiek/grfext.sty
Package: grfext 2010/08/19 v1.1 Manage graphics extensions (HO)
)
Package grfext Info: Graphics extension search list:
(grfext)             [.png,.pdf,.jpg,.mps,.jpeg,.jbig2,.jb2,.PNG,.PDF,.JPG,.JPE
G,.JBIG2,.JB2,.eps]
(grfext)             \AppendGraphicsExtensions on input line 452.

(/usr/share/texlive/texmf-dist/tex/latex/latexconfig/epstopdf-sys.cfg
File: epstopdf-sys.cfg 2010/07/13 v1.3 Configuration of (r)epstopdf for TeX Liv
e
))
\docmute@nestinglevel=\count109

[1

{/var/lib/texmf/fonts/map/pdftex/updmap/pdftex.map}] [2

]
LaTeX Font Info:    External font `cmex10' loaded for size
(Font)              <14.4> on input line 47.
LaTeX Font Info:    External font `cmex10' loaded for size
(Font)              <7> on input line 47.
LaTeX Font Info:    External font `cmex10' loaded for size
(Font)              <5> on input line 59.

Overfull \hbox (113.47049pt too wide) in paragraph at lines 47--61
[]
 []

LaTeX Font Info:    External font `cmex10' loaded for size
(Font)              <12> on input line 66.
LaTeX Font Info:    External font `cmex10' loaded for size
(Font)              <8> on input line 66.
LaTeX Font Info:    External font `cmex10' loaded for size
(Font)              <6> on input line 66.
[3] [4] (./diss.toc)
\tf@toc=\write4
\openout4 = `diss.toc'.

 [5

] [6

] (./diss.lof)
\tf@lof=\write5
\openout5 = `diss.lof'.

 [7] [8]
Chapter 1.
LaTeX Font Info:    Try loading font information for OMS+cmr on input line 117.

(/usr/share/texlive/texmf-dist/tex/latex/base/omscmr.fd
File: omscmr.fd 1999/05/25 v2.5h Standard LaTeX font definitions
)
LaTeX Font Info:    Font shape `OMS/cmr/m/n' in size <12> not available
(Font)              Font shape `OMS/cmsy/m/n' tried instead on input line 117.
 [9

] [10]
Chapter 2.
[11

] [12

]
Chapter 3.
[13] [14] <figs/cuarms.pdf, id=224, 60.225pt x 72.27pt>
File: figs/cuarms.pdf Graphic file (type pdf)
 <use figs/cuarms.pdf>
Package pdftex.def Info: figs/cuarms.pdf used on input line 335.
(pdftex.def)             Requested size: 60.22484pt x 72.2698pt.

<figs/diagram.pdf, id=225, 458.71375pt x 336.25626pt>
File: figs/diagram.pdf Graphic file (type pdf)
 <use figs/diagram.pdf>
Package pdftex.def Info: figs/diagram.pdf used on input line 348.
(pdftex.def)             Requested size: 458.71263pt x 336.25543pt.

[15 <./figs/cuarms.pdf>] [16 <./figs/diagram.pdf>]
Chapter 4.
[17

] [18

]
Chapter 5.
(./diss.bbl [19] [20

]) [21] [22

]
Appendix A.
File: diss.tex  (verbatim)
[23] [24] [25] [26] [27] [28]
File: proposal.tex  (verbatim)
 [29]
Overfull \hbox (16.51266pt too wide) in paragraph at lines 390--390
[]\OT1/cmtt/m/n/8 meaning that all connected users should end up with the same 
result after receiving all changes to the document[] 
 []


Overfull \hbox (411.76834pt too wide) in paragraph at lines 390--390
[]\OT1/cmtt/m/n/8 --- even if edits conflict~\cite{Technion}. There are two mai
n technologies that are used to enable concurrent editing of a document (plain 
text or otherwise). One approach is Operational Transforms (OT),[] 
 []


Overfull \hbox (50.51315pt too wide) in paragraph at lines 390--390
[]\OT1/cmtt/m/n/8 such that the result converges~\cite{sun1998operational}. The
 server may also be required to make some transformations.[] 
 []


Overfull \hbox (33.51291pt too wide) in paragraph at lines 390--390
[]\OT1/cmtt/m/n/8 Thus, unless the server is trusted and secure, OT-based servi
ces cannot provide any security or privacy guarantees.[] 
 []


Overfull \hbox (3420.81155pt too wide) in paragraph at lines 390--390
[]\OT1/cmtt/m/n/8 The alternative, newer technology uses Conflict Free Replicat
ed Datatypes (CRDTs). Instead of resolving conflicts and guaranteeing eventual 
consistency by transforming operations against each other, CRDTs use special da
tastructures that guarantee that no operations will conflict~\cite{preguica2009
commutative}. There are many types of CRDTs that are tailored for different sit
uations. One example is a simple up-down counter which could be implemented as 
two locally replicated registers, one for increments and one for decrements, wh
ere the current state is their difference\cite{Shapiro2011}. Compared to OT, th
ere is no interdependence between edits (as long as the network protocol can gu
arantee in-order delivery), which means CRDT-based systems can do away with the
 server and be implemented using peer to peer (P2P) protocols. This lends itsel
f to security (encryption is now possible between endpoints),[] 
 []


Overfull \hbox (586.02084pt too wide) in paragraph at lines 390--390
[]\OT1/cmtt/m/n/8 This project is first concerned with exploring and developing
 a P2P CRDT concurrent text editor, and secondly comparing it to the OT-based c
lient/server approach available in the open source library ShareJS. Several ext
ensions are also possible,[] 
 []


Overfull \hbox (152.51462pt too wide) in paragraph at lines 390--390
[]\OT1/cmtt/m/n/8 The primary external resource I will need is the Javascript l
ibrary ShareJS, which is published under the MIT license on GitHub \cite{ShareJ
S}.[] 
 []


Overfull \hbox (8.01254pt too wide) in paragraph at lines 390--390
[]\OT1/cmtt/m/n/8 I have some knowledge of the open source library ShareJS from
 a past internship, which I aim to leverage when[] 
 []


Overfull \hbox (37.76297pt too wide) in paragraph at lines 390--390
[]\OT1/cmtt/m/n/8 I plan to implement a simulation of P2P CRDT text editing usi
ng Typescript. Following this, my project will focus on[] 
 []


Overfull \hbox (84.51364pt too wide) in paragraph at lines 390--390
[]\OT1/cmtt/m/n/8 comparing an existing OT-based concurrent document editing li
brary (ShareJS) to my implementation, in order to draw conclusions[] 
 []


Overfull \hbox (33.51291pt too wide) in paragraph at lines 390--390
[]\OT1/cmtt/m/n/8 system will need some optimization, which can feed back into 
my evaluation and comparison process. In the case that[] 
 []


Overfull \hbox (20.76273pt too wide) in paragraph at lines 390--390
[]\OT1/cmtt/m/n/8 learn frameworks for testing my implementation. The tests for
 correctness should include hand-crafted unit tests[] 
 []


Overfull \hbox (84.51364pt too wide) in paragraph at lines 390--390
[]\OT1/cmtt/m/n/8 \item \textbf{Implement Simulation:} Model having an arbitrar
y number of clients each running the CRDT algorithms, and simulate[] 
 []

[30]
Overfull \hbox (37.76297pt too wide) in paragraph at lines 390--390
[]\OT1/cmtt/m/n/8 networking between these clients. Because this is P2P, it may
 be worth adding functionality for a variety of network[] 
 []


Overfull \hbox (16.51266pt too wide) in paragraph at lines 390--390
[]\OT1/cmtt/m/n/8 feed back into the performance comparisons in the previous st
ep and help evaluate the optimizations themselves.[] 
 []


Overfull \hbox (29.26285pt too wide) in paragraph at lines 390--390
[]\OT1/cmtt/m/n/8 \item \textbf{Extensions:} The first extension is implementin
g a proper P2P network stack and remove the simulated[] 
 []


Overfull \hbox (25.01279pt too wide) in paragraph at lines 390--390
[]\OT1/cmtt/m/n/8 networking. Next would be researching undo and move operation
s and perhaps try to implement one or both of these.[] 
 []


Overfull \hbox (314.01694pt too wide) in paragraph at lines 390--390
[]\OT1/cmtt/m/n/8 \item (Easier) Replace networking simulation with a P2P netwo
rking library. The end result of this extension should be a ready to deploy Typ
escript (compiled to Javascript) library.[] 
 []


Overfull \hbox (301.26675pt too wide) in paragraph at lines 390--390
[]\OT1/cmtt/m/n/8 \item (Difficult) Research prior work on undo and move functi
onality using CRDTs. If something suitable is found, implement it. Otherwise, a
ttempt to work toward my own solution.[] 
 []


Overfull \hbox (16.51266pt too wide) in paragraph at lines 390--390
[]\OT1/cmtt/m/n/8 \item \textbf{Michaelmas weeks 2--3} Develop CRDT datastructu
re and algorithms on paper. Read into P2P networks[] 
 []


Overfull \hbox (46.26309pt too wide) in paragraph at lines 390--390
[]\OT1/cmtt/m/n/8 \item \textbf{Michaelmas weeks 4--5} Lay out project files an
d implement network simulation with support for different[] 
 []


Overfull \hbox (67.5134pt too wide) in paragraph at lines 390--390
[]\OT1/cmtt/m/n/8 \item \textbf{Michaelmas weeks 6--8} Implement CRDT datastruc
tures and algorithms, and connect these to network simulation.[] 
 []


Overfull \hbox (598.77103pt too wide) in paragraph at lines 390--390
[]\OT1/cmtt/m/n/8 \item \textbf{Michaelmas vacation} Learn an appropriate testi
ng framework, write and generate unit tests for correctness of implementation. 
Fix any bugs discovered by the testing process. Set up ShareJS environment. Beg
in outlining progress report.[] 
 []


Overfull \hbox (50.51315pt too wide) in paragraph at lines 390--390
[]\OT1/cmtt/m/n/8 \item \textbf{Lent weeks 2--4} Execute tests and analyze resu
lts. Try to explain differences and similarities observed.[] 
 []


Overfull \hbox (20.76273pt too wide) in paragraph at lines 390--390
[]\OT1/cmtt/m/n/8 \item \textbf{Lent weeks 5--6} Continue writing dissertation 
and optimizing system. Begin research for extension[] 
 []

[31]
Overfull \hbox (80.26358pt too wide) in paragraph at lines 390--390
[]\OT1/cmtt/m/n/8 \item \textbf{Lent weeks 7--8} Continue writing dissertation.
 Before terms ends, review and peer-review (including supervisor)[] 
 []

[32]
Appendix B.
No file makefile.txt.
File: refs.bib  (verbatim)
[33

] [34

]
Appendix C.
(./proposal.tex

LaTeX Warning: Citation `Technion' on page 35 undefined on input line 45.


LaTeX Warning: Citation `sun1998operational' on page 35 undefined on input line
 49.

[35]

LaTeX Warning: Citation `preguica2009commutative' on page 36 undefined on input
 line 53.


LaTeX Warning: Citation `Shapiro2011' on page 36 undefined on input line 53.


LaTeX Warning: Citation `ShareJS' on page 36 undefined on input line 61.

[36] [37] [38] [39] (./diss.bbl [40

]pdfTeX warning (ext4): destination with the same identifier (name{cite.Lamport
86}) has been already used, duplicate ignored
<to be read again> 
                   \relax 
l.3 \bibitem{Lamport86}
                       pdfTeX warning (ext4): destination with the same identif
ier (name{cite.Moore95}) has been already used, duplicate ignored
<to be read again> 
                   \relax 
l.9 \bibitem{Moore95}
                     ))
Package atveryend Info: Empty hook `BeforeClearDocument' on input line 405.
 [41]
Package atveryend Info: Empty hook `AfterLastShipout' on input line 405.
 (./diss.aux)
Package atveryend Info: Executing hook `AtVeryEndDocument' on input line 405.
Package atveryend Info: Executing hook `AtEndAfterFileList' on input line 405.
Package rerunfilecheck Info: File `diss.out' has not changed.
(rerunfilecheck)             Checksum: BC0B61D4EF21CFA36924B14DD2455DC0;1301.


LaTeX Warning: There were undefined references.


LaTeX Warning: There were multiply-defined labels.

Package atveryend Info: Empty hook `AtVeryVeryEnd' on input line 405.
 ) 
Here is how much of TeX's memory you used:
 5767 strings out of 495028
 84577 string characters out of 6181496
 174977 words of memory out of 5000000
 8820 multiletter control sequences out of 15000+600000
 11897 words of font info for 44 fonts, out of 8000000 for 9000
 14 hyphenation exceptions out of 8191
 29i,11n,32p,966b,469s stack positions out of 5000i,500n,10000p,200000b,80000s
</usr/share/texlive/texmf-dist/fonts/type1/public/amsfonts/cm/cmbx12.pfb></us
r/share/texlive/texmf-dist/fonts/type1/public/amsfonts/cm/cmmi12.pfb></usr/shar
e/texlive/texmf-dist/fonts/type1/public/amsfonts/cm/cmr10.pfb></usr/share/texli
ve/texmf-dist/fonts/type1/public/amsfonts/cm/cmr12.pfb></usr/share/texlive/texm
f-dist/fonts/type1/public/amsfonts/cm/cmr17.pfb></usr/share/texlive/texmf-dist/
fonts/type1/public/amsfonts/cm/cmr7.pfb></usr/share/texlive/texmf-dist/fonts/ty
pe1/public/amsfonts/cm/cmr8.pfb></usr/share/texlive/texmf-dist/fonts/type1/publ
ic/amsfonts/cm/cmsl12.pfb></usr/share/texlive/texmf-dist/fonts/type1/public/ams
fonts/cm/cmsy10.pfb></usr/share/texlive/texmf-dist/fonts/type1/public/amsfonts/
cm/cmti12.pfb></usr/share/texlive/texmf-dist/fonts/type1/public/amsfonts/cm/cmt
t10.pfb></usr/share/texlive/texmf-dist/fonts/type1/public/amsfonts/cm/cmtt12.pf
b></usr/share/texlive/texmf-dist/fonts/type1/public/amsfonts/cm/cmtt8.pfb></usr
/share/texlive/texmf-dist/fonts/type1/public/amsfonts/latxfont/lcircle1.pfb></u
sr/share/texlive/texmf-dist/fonts/type1/public/amsfonts/latxfont/line10.pfb>
Output written on diss.pdf (41 pages, 237441 bytes).
PDF statistics:
 458 PDF objects out of 1000 (max. 8388607)
 394 compressed objects within 4 object streams
 112 named destinations out of 1000 (max. 500000)
 195 words of extra memory for PDF output out of 10000 (max. 10000000)

