This is pdfTeX, Version 3.1415926-2.5-1.40.14 (TeX Live 2013/Debian) (format=pdflatex 2016.10.10)  8 MAR 2017 22:10
entering extended mode
 restricted \write18 enabled.
 %&-line parsing enabled.
**diss
(./diss.tex
LaTeX2e <2011/06/27>
Babel <3.9h> and hyphenation patterns for 2 languages loaded.
(/usr/share/texlive/texmf-dist/tex/latex/base/report.cls
Document Class: report 2007/10/19 v1.4h Standard LaTeX document class
(/usr/share/texlive/texmf-dist/tex/latex/base/size12.clo
File: size12.clo 2007/10/19 v1.4h Standard LaTeX file (size option)
)
\c@part=\count79
\c@chapter=\count80
\c@section=\count81
\c@subsection=\count82
\c@subsubsection=\count83
\c@paragraph=\count84
\c@subparagraph=\count85
\c@figure=\count86
\c@table=\count87
\abovecaptionskip=\skip41
\belowcaptionskip=\skip42
\bibindent=\dimen102
)
(/usr/share/texlive/texmf-dist/tex/latex/hyperref/hyperref.sty
Package: hyperref 2012/11/06 v6.83m Hypertext links for LaTeX

(/usr/share/texlive/texmf-dist/tex/generic/oberdiek/hobsub-hyperref.sty
Package: hobsub-hyperref 2012/05/28 v1.13 Bundle oberdiek, subset hyperref (HO)


(/usr/share/texlive/texmf-dist/tex/generic/oberdiek/hobsub-generic.sty
Package: hobsub-generic 2012/05/28 v1.13 Bundle oberdiek, subset generic (HO)
Package: hobsub 2012/05/28 v1.13 Construct package bundles (HO)
Package: infwarerr 2010/04/08 v1.3 Providing info/warning/error messages (HO)
Package: ltxcmds 2011/11/09 v1.22 LaTeX kernel commands for general use (HO)
Package: ifluatex 2010/03/01 v1.3 Provides the ifluatex switch (HO)
Package ifluatex Info: LuaTeX not detected.
Package: ifvtex 2010/03/01 v1.5 Detect VTeX and its facilities (HO)
Package ifvtex Info: VTeX not detected.
Package: intcalc 2007/09/27 v1.1 Expandable calculations with integers (HO)
Package: ifpdf 2011/01/30 v2.3 Provides the ifpdf switch (HO)
Package ifpdf Info: pdfTeX in PDF mode is detected.
Package: etexcmds 2011/02/16 v1.5 Avoid name clashes with e-TeX commands (HO)
Package etexcmds Info: Could not find \expanded.
(etexcmds)             That can mean that you are not using pdfTeX 1.50 or
(etexcmds)             that some package has redefined \expanded.
(etexcmds)             In the latter case, load this package earlier.
Package: kvsetkeys 2012/04/25 v1.16 Key value parser (HO)
Package: kvdefinekeys 2011/04/07 v1.3 Define keys (HO)
Package: pdftexcmds 2011/11/29 v0.20 Utility functions of pdfTeX for LuaTeX (HO
)
Package pdftexcmds Info: LuaTeX not detected.
Package pdftexcmds Info: \pdf@primitive is available.
Package pdftexcmds Info: \pdf@ifprimitive is available.
Package pdftexcmds Info: \pdfdraftmode found.
Package: pdfescape 2011/11/25 v1.13 Implements pdfTeX's escape features (HO)
Package: bigintcalc 2012/04/08 v1.3 Expandable calculations on big integers (HO
)
Package: bitset 2011/01/30 v1.1 Handle bit-vector datatype (HO)
Package: uniquecounter 2011/01/30 v1.2 Provide unlimited unique counter (HO)
)
Package hobsub Info: Skipping package `hobsub' (already loaded).
Package: letltxmacro 2010/09/02 v1.4 Let assignment for LaTeX macros (HO)
Package: hopatch 2012/05/28 v1.2 Wrapper for package hooks (HO)
Package: xcolor-patch 2011/01/30 xcolor patch
Package: atveryend 2011/06/30 v1.8 Hooks at the very end of document (HO)
Package atveryend Info: \enddocument detected (standard20110627).
Package: atbegshi 2011/10/05 v1.16 At begin shipout hook (HO)
Package: refcount 2011/10/16 v3.4 Data extraction from label references (HO)
Package: hycolor 2011/01/30 v1.7 Color options for hyperref/bookmark (HO)
)
(/usr/share/texlive/texmf-dist/tex/latex/graphics/keyval.sty
Package: keyval 1999/03/16 v1.13 key=value parser (DPC)
\KV@toks@=\toks14
)
(/usr/share/texlive/texmf-dist/tex/generic/ifxetex/ifxetex.sty
Package: ifxetex 2010/09/12 v0.6 Provides ifxetex conditional
)
(/usr/share/texlive/texmf-dist/tex/latex/oberdiek/auxhook.sty
Package: auxhook 2011/03/04 v1.3 Hooks for auxiliary files (HO)
)
(/usr/share/texlive/texmf-dist/tex/latex/oberdiek/kvoptions.sty
Package: kvoptions 2011/06/30 v3.11 Key value format for package options (HO)
)
\@linkdim=\dimen103
\Hy@linkcounter=\count88
\Hy@pagecounter=\count89

(/usr/share/texlive/texmf-dist/tex/latex/hyperref/pd1enc.def
File: pd1enc.def 2012/11/06 v6.83m Hyperref: PDFDocEncoding definition (HO)
)
\Hy@SavedSpaceFactor=\count90

(/usr/share/texlive/texmf-dist/tex/latex/latexconfig/hyperref.cfg
File: hyperref.cfg 2002/06/06 v1.2 hyperref configuration of TeXLive
)
Package hyperref Info: Hyper figures OFF on input line 4443.
Package hyperref Info: Link nesting OFF on input line 4448.
Package hyperref Info: Hyper index ON on input line 4451.
Package hyperref Info: Plain pages OFF on input line 4458.
Package hyperref Info: Backreferencing OFF on input line 4463.
Package hyperref Info: Implicit mode ON; LaTeX internals redefined.
Package hyperref Info: Bookmarks ON on input line 4688.
\c@Hy@tempcnt=\count91

(/usr/share/texlive/texmf-dist/tex/latex/url/url.sty
\Urlmuskip=\muskip10
Package: url 2013/09/16  ver 3.4  Verb mode for urls, etc.
)
LaTeX Info: Redefining \url on input line 5041.
\XeTeXLinkMargin=\dimen104
\Fld@menulength=\count92
\Field@Width=\dimen105
\Fld@charsize=\dimen106
Package hyperref Info: Hyper figures OFF on input line 6295.
Package hyperref Info: Link nesting OFF on input line 6300.
Package hyperref Info: Hyper index ON on input line 6303.
Package hyperref Info: backreferencing OFF on input line 6310.
Package hyperref Info: Link coloring OFF on input line 6315.
Package hyperref Info: Link coloring with OCG OFF on input line 6320.
Package hyperref Info: PDF/A mode OFF on input line 6325.
LaTeX Info: Redefining \ref on input line 6365.
LaTeX Info: Redefining \pageref on input line 6369.
\Hy@abspage=\count93
\c@Item=\count94
\c@Hfootnote=\count95
)

Package hyperref Message: Driver (autodetected): hpdftex.

(/usr/share/texlive/texmf-dist/tex/latex/hyperref/hpdftex.def
File: hpdftex.def 2012/11/06 v6.83m Hyperref driver for pdfTeX
\Fld@listcount=\count96
\c@bookmark@seq@number=\count97

(/usr/share/texlive/texmf-dist/tex/latex/oberdiek/rerunfilecheck.sty
Package: rerunfilecheck 2011/04/15 v1.7 Rerun checks for auxiliary files (HO)
Package uniquecounter Info: New unique counter `rerunfilecheck' on input line 2
82.
)
\Hy@SectionHShift=\skip43
)
(/usr/share/texlive/texmf-dist/tex/latex/geometry/geometry.sty
Package: geometry 2010/09/12 v5.6 Page Geometry
\Gm@cnth=\count98
\Gm@cntv=\count99
\c@Gm@tempcnt=\count100
\Gm@bindingoffset=\dimen107
\Gm@wd@mp=\dimen108
\Gm@odd@mp=\dimen109
\Gm@even@mp=\dimen110
\Gm@layoutwidth=\dimen111
\Gm@layoutheight=\dimen112
\Gm@layouthoffset=\dimen113
\Gm@layoutvoffset=\dimen114
\Gm@dimlist=\toks15
)
(/usr/share/texlive/texmf-dist/tex/latex/graphics/graphicx.sty
Package: graphicx 1999/02/16 v1.0f Enhanced LaTeX Graphics (DPC,SPQR)

(/usr/share/texlive/texmf-dist/tex/latex/graphics/graphics.sty
Package: graphics 2009/02/05 v1.0o Standard LaTeX Graphics (DPC,SPQR)

(/usr/share/texlive/texmf-dist/tex/latex/graphics/trig.sty
Package: trig 1999/03/16 v1.09 sin cos tan (DPC)
)
(/usr/share/texlive/texmf-dist/tex/latex/latexconfig/graphics.cfg
File: graphics.cfg 2010/04/23 v1.9 graphics configuration of TeX Live
)
Package graphics Info: Driver file: pdftex.def on input line 91.

(/usr/share/texlive/texmf-dist/tex/latex/pdftex-def/pdftex.def
File: pdftex.def 2011/05/27 v0.06d Graphics/color for pdfTeX
\Gread@gobject=\count101
))
\Gin@req@height=\dimen115
\Gin@req@width=\dimen116
)
(/usr/share/texlive/texmf-dist/tex/latex/tools/verbatim.sty
Package: verbatim 2003/08/22 v1.5q LaTeX2e package for verbatim enhancements
\every@verbatim=\toks16
\verbatim@line=\toks17
\verbatim@in@stream=\read1
) (./docmute.sty
Package: docmute 2012/03/22 v1.4 Input stand-alone documents
)
(/usr/share/texlive/texmf-dist/tex/generic/babel/babel.sty
Package: babel 2013/12/03 3.9h The Babel package

(/usr/share/texlive/texmf-dist/tex/generic/babel-english/english.ldf
Language: english 2012/08/20 v3.3p English support from the babel system

(/usr/share/texlive/texmf-dist/tex/generic/babel/babel.def
File: babel.def 2013/12/03 3.9h Babel common definitions
\babel@savecnt=\count102
\U@D=\dimen117
)
\l@british = a dialect from \language\l@english 
\l@UKenglish = a dialect from \language\l@english 
\l@canadian = a dialect from \language\l@american 
\l@australian = a dialect from \language\l@british 
\l@newzealand = a dialect from \language\l@british 
))
(/usr/share/texlive/texmf-dist/tex/latex/biblatex/biblatex.sty
Package: biblatex 2013/11/25 v2.8a programmable bibliographies (PK/JW/AB)

(/usr/share/texlive/texmf-dist/tex/latex/biblatex/biblatex2.sty
Package: biblatex2 2013/11/25 v2.8a programmable bibliographies (biber) (PK/JW/
AB)

(/usr/share/texmf/tex/latex/etoolbox/etoolbox.sty
Package: etoolbox 2011/01/03 v2.1 e-TeX tools for LaTeX

(/usr/share/texlive/texmf-dist/tex/latex/etex-pkg/etex.sty
Package: etex 1998/03/26 v2.0 eTeX basic definition package (PEB)
\et@xins=\count103
)
\etb@tempcnta=\count104
)
(/usr/share/texlive/texmf-dist/tex/latex/logreq/logreq.sty
Package: logreq 2010/08/04 v1.0 xml request logger
\lrq@indent=\count105

(/usr/share/texlive/texmf-dist/tex/latex/logreq/logreq.def
File: logreq.def 2010/08/04 v1.0 logreq spec v1.0
))
(/usr/share/texlive/texmf-dist/tex/latex/base/ifthen.sty
Package: ifthen 2001/05/26 v1.1c Standard LaTeX ifthen package (DPC)
)
\c@tabx@nest=\count106
\c@listtotal=\count107
\c@listcount=\count108
\c@liststart=\count109
\c@liststop=\count110
\c@citecount=\count111
\c@citetotal=\count112
\c@multicitecount=\count113
\c@multicitetotal=\count114
\c@instcount=\count115
\c@maxnames=\count116
\c@minnames=\count117
\c@maxitems=\count118
\c@minitems=\count119
\c@citecounter=\count120
\c@savedcitecounter=\count121
\c@uniquelist=\count122
\c@uniquename=\count123
\c@refsection=\count124
\c@refsegment=\count125
\c@maxextratitle=\count126
\c@maxextratitleyear=\count127
\c@maxextrayear=\count128
\c@maxextraalpha=\count129
\c@abbrvpenalty=\count130
\c@highnamepenalty=\count131
\c@lownamepenalty=\count132
\c@maxparens=\count133
\c@parenlevel=\count134
\blx@tempcnta=\count135
\blx@tempcntb=\count136
\blx@tempcntc=\count137
\blx@maxsection=\count138
\blx@maxsegment@0=\count139
\blx@notetype=\count140
\blx@parenlevel@text=\count141
\blx@parenlevel@foot=\count142
\blx@sectionciteorder@0=\count143
\labelnumberwidth=\skip44
\labelalphawidth=\skip45
\shorthandwidth=\skip46
\biblabelsep=\skip47
\bibitemsep=\skip48
\bibnamesep=\skip49
\bibinitsep=\skip50
\bibparsep=\skip51
\bibhang=\skip52
\blx@bcfin=\read2
\blx@bcfout=\write3
\c@mincomprange=\count144
\c@maxcomprange=\count145
\c@mincompwidth=\count146
Package biblatex Info: Trying to load biblatex default data model...
Package biblatex Info: ... file 'blx-dm.def' found.

(/usr/share/texlive/texmf-dist/tex/latex/biblatex/blx-dm.def)
Package biblatex Info: Trying to load biblatex citestyle data model...
Package biblatex Info: ... file 'numeric.dbx' not found.
Package biblatex Info: Trying to load biblatex custom data model...
Package biblatex Info: ... file 'biblatex-dm.cfg' not found.
\c@afterword=\count147
\c@savedafterword=\count148
\c@annotator=\count149
\c@savedannotator=\count150
\c@author=\count151
\c@savedauthor=\count152
\c@bookauthor=\count153
\c@savedbookauthor=\count154
\c@commentator=\count155
\c@savedcommentator=\count156
\c@editor=\count157
\c@savededitor=\count158
\c@editora=\count159
\c@savededitora=\count160
\c@editorb=\count161
\c@savededitorb=\count162
\c@editorc=\count163
\c@savededitorc=\count164
\c@foreword=\count165
\c@savedforeword=\count166
\c@holder=\count167
\c@savedholder=\count168
\c@introduction=\count169
\c@savedintroduction=\count170
\c@namea=\count171
\c@savednamea=\count172
\c@nameb=\count173
\c@savednameb=\count174
\c@namec=\count175
\c@savednamec=\count176
\c@shortauthor=\count177
\c@savedshortauthor=\count178
\c@shorteditor=\count179
\c@savedshorteditor=\count180
\c@translator=\count181
\c@savedtranslator=\count182
\c@labelname=\count183
\c@savedlabelname=\count184
\c@institution=\count185
\c@savedinstitution=\count186
\c@lista=\count187
\c@savedlista=\count188
\c@listb=\count189
\c@savedlistb=\count190
\c@listc=\count191
\c@savedlistc=\count192
\c@listd=\count193
\c@savedlistd=\count194
\c@liste=\count195
\c@savedliste=\count196
\c@listf=\count197
\c@savedlistf=\count198
\c@location=\count199
\c@savedlocation=\count200
\c@organization=\count201
\c@savedorganization=\count202
\c@origlocation=\count203
\c@savedoriglocation=\count204
\c@origpublisher=\count205
\c@savedorigpublisher=\count206
\c@publisher=\count207
\c@savedpublisher=\count208
\c@language=\count209
\c@savedlanguage=\count210
\c@pageref=\count211
\c@savedpageref=\count212
Package biblatex Info: Trying to load compatibility code...
Package biblatex Info: ... file 'blx-compat.def' found.

(/usr/share/texlive/texmf-dist/tex/latex/biblatex/blx-compat.def
File: blx-compat.def 2013/11/25 v2.8a biblatex compatibility (PK/JW/AB)
)
Package biblatex Info: Trying to load generic definitions...
Package biblatex Info: ... file 'biblatex.def' found.

(/usr/share/texlive/texmf-dist/tex/latex/biblatex/biblatex.def
File: biblatex.def 
\c@textcitecount=\count213
\c@textcitetotal=\count214
\c@textcitemaxnames=\count215
\c@biburlnumpenalty=\count216
\c@biburlucpenalty=\count217
\c@biburllcpenalty=\count218
\c@smartand=\count219
)
Package biblatex Info: Trying to load natbib compatibility...
Package biblatex Info: ... file 'blx-natbib.def' found.

(/usr/share/texlive/texmf-dist/tex/latex/biblatex/blx-natbib.def
File: blx-natbib.def 2013/11/25 v2.8a biblatex compatibility (PK/JW/AB)
)
Package biblatex Info: Trying to load bibliography style 'numeric'...
Package biblatex Info: ... file 'numeric.bbx' found.

(/usr/share/texlive/texmf-dist/tex/latex/biblatex/bbx/numeric.bbx
File: numeric.bbx 2013/11/25 v2.8a biblatex bibliography style (PK/JW/AB)
Package biblatex Info: Trying to load bibliography style 'standard'...
Package biblatex Info: ... file 'standard.bbx' found.

(/usr/share/texlive/texmf-dist/tex/latex/biblatex/bbx/standard.bbx
File: standard.bbx 2013/11/25 v2.8a biblatex bibliography style (PK/JW/AB)
\c@bbx:relatedcount=\count220
\c@bbx:relatedtotal=\count221
))
Package biblatex Info: Trying to load citation style 'numeric'...
Package biblatex Info: ... file 'numeric.cbx' found.

(/usr/share/texlive/texmf-dist/tex/latex/biblatex/cbx/numeric.cbx
File: numeric.cbx 2013/11/25 v2.8a biblatex citation style (PK/JW/AB)
Package biblatex Info: Redefining '\cite'.
Package biblatex Info: Redefining '\parencite'.
Package biblatex Info: Redefining '\footcite'.
Package biblatex Info: Redefining '\footcitetext'.
Package biblatex Info: Redefining '\smartcite'.
Package biblatex Info: Redefining '\supercite'.
Package biblatex Info: Redefining '\textcite'.
Package biblatex Info: Redefining '\textcites'.
Package biblatex Info: Redefining '\cites'.
Package biblatex Info: Redefining '\parencites'.
Package biblatex Info: Redefining '\smartcites'.
)
Package biblatex Info: Trying to load configuration file...
Package biblatex Info: ... file 'biblatex.cfg' found.

(/usr/share/texlive/texmf-dist/tex/latex/biblatex/biblatex.cfg
File: biblatex.cfg 
)))
Package biblatex Info: Trying to load language 'UKenglish'...
Package biblatex Info: ... file 'UKenglish.lbx' found.

(/usr/share/texlive/texmf-dist/tex/latex/biblatex/lbx/UKenglish.lbx
File: UKenglish.lbx 2013/11/25 v2.8a biblatex localization (PK/JW/AB)
Package biblatex Info: Trying to load language 'british'...
Package biblatex Info: ... file 'british.lbx' found.

(/usr/share/texlive/texmf-dist/tex/latex/biblatex/lbx/british.lbx
File: british.lbx 2013/11/25 v2.8a biblatex localization (PK/JW/AB)
Package biblatex Info: Trying to load language 'english'...
Package biblatex Info: ... file 'english.lbx' found.

(/usr/share/texlive/texmf-dist/tex/latex/biblatex/lbx/english.lbx
File: english.lbx 2013/11/25 v2.8a biblatex localization (PK/JW/AB)
)))

Package biblatex Warning: 'babel/polyglossia' detected but 'csquotes' missing.
(biblatex)                Loading 'csquotes' recommended.

\@quotelevel=\count222
\@quotereset=\count223
No file diss.aux.
\openout1 = `diss.aux'.

LaTeX Font Info:    Checking defaults for OML/cmm/m/it on input line 29.
LaTeX Font Info:    ... okay on input line 29.
LaTeX Font Info:    Checking defaults for T1/cmr/m/n on input line 29.
LaTeX Font Info:    ... okay on input line 29.
LaTeX Font Info:    Checking defaults for OT1/cmr/m/n on input line 29.
LaTeX Font Info:    ... okay on input line 29.
LaTeX Font Info:    Checking defaults for OMS/cmsy/m/n on input line 29.
LaTeX Font Info:    ... okay on input line 29.
LaTeX Font Info:    Checking defaults for OMX/cmex/m/n on input line 29.
LaTeX Font Info:    ... okay on input line 29.
LaTeX Font Info:    Checking defaults for U/cmr/m/n on input line 29.
LaTeX Font Info:    ... okay on input line 29.
LaTeX Font Info:    Checking defaults for PD1/pdf/m/n on input line 29.
LaTeX Font Info:    ... okay on input line 29.
\AtBeginShipoutBox=\box26
Package hyperref Info: Link coloring OFF on input line 29.
(/usr/share/texlive/texmf-dist/tex/latex/hyperref/nameref.sty
Package: nameref 2012/10/27 v2.43 Cross-referencing by name of section

(/usr/share/texlive/texmf-dist/tex/generic/oberdiek/gettitlestring.sty
Package: gettitlestring 2010/12/03 v1.4 Cleanup title references (HO)
)
\c@section@level=\count224
)
LaTeX Info: Redefining \ref on input line 29.
LaTeX Info: Redefining \pageref on input line 29.
LaTeX Info: Redefining \nameref on input line 29.
\@outlinefile=\write4
\openout4 = `diss.out'.


*geometry* driver: auto-detecting
*geometry* detected driver: pdftex
*geometry* verbose mode - [ preamble ] result:
* driver: pdftex
* paper: a4paper
* layout: <same size as paper>
* layoutoffset:(h,v)=(0.0pt,0.0pt)
* modes: twoside 
* h-part:(L,W,R)=(71.13188pt, 455.24411pt, 71.13188pt)
* v-part:(T,H,B)=(71.13188pt, 702.78308pt, 71.13188pt)
* \paperwidth=597.50787pt
* \paperheight=845.04684pt
* \textwidth=455.24411pt
* \textheight=702.78308pt
* \oddsidemargin=-1.1381pt
* \evensidemargin=-1.1381pt
* \topmargin=-38.1381pt
* \headheight=12.0pt
* \headsep=25.0pt
* \topskip=12.0pt
* \footskip=30.0pt
* \marginparwidth=85.0pt
* \marginparsep=10.0pt
* \columnsep=10.0pt
* \skip\footins=10.8pt plus 4.0pt minus 2.0pt
* \hoffset=0.0pt
* \voffset=0.0pt
* \mag=1000
* \@twocolumnfalse
* \@twosidetrue
* \@mparswitchtrue
* \@reversemarginfalse
* (1in=72.27pt=25.4mm, 1cm=28.453pt)

(/usr/share/texlive/texmf-dist/tex/context/base/supp-pdf.mkii
[Loading MPS to PDF converter (version 2006.09.02).]
\scratchcounter=\count225
\scratchdimen=\dimen118
\scratchbox=\box27
\nofMPsegments=\count226
\nofMParguments=\count227
\everyMPshowfont=\toks18
\MPscratchCnt=\count228
\MPscratchDim=\dimen119
\MPnumerator=\count229
\makeMPintoPDFobject=\count230
\everyMPtoPDFconversion=\toks19
) (/usr/share/texlive/texmf-dist/tex/latex/oberdiek/epstopdf-base.sty
Package: epstopdf-base 2010/02/09 v2.5 Base part for package epstopdf

(/usr/share/texlive/texmf-dist/tex/latex/oberdiek/grfext.sty
Package: grfext 2010/08/19 v1.1 Manage graphics extensions (HO)
)
Package grfext Info: Graphics extension search list:
(grfext)             [.png,.pdf,.jpg,.mps,.jpeg,.jbig2,.jb2,.PNG,.PDF,.JPG,.JPE
G,.JBIG2,.JB2,.eps]
(grfext)             \AppendGraphicsExtensions on input line 452.

(/usr/share/texlive/texmf-dist/tex/latex/latexconfig/epstopdf-sys.cfg
File: epstopdf-sys.cfg 2010/07/13 v1.3 Configuration of (r)epstopdf for TeX Liv
e
))
Package biblatex Info: No input encoding detected.
(biblatex)             Assuming 'ascii'.
Package biblatex Info: Automatic encoding selection.
(biblatex)             Assuming data encoding 'ascii'.
\openout3 = `diss.bcf'.

Package biblatex Info: Trying to load bibliographic data...
Package biblatex Info: ... file 'diss.bbl' not found.

No file diss.bbl.
Package biblatex Info: Reference section=0 on input line 29.
Package biblatex Info: Reference segment=0 on input line 29.
\docmute@nestinglevel=\count231
[1

{/var/lib/texmf/fonts/map/pdftex/updmap/pdftex.map}] [2

]
LaTeX Font Info:    External font `cmex10' loaded for size
(Font)              <14.4> on input line 59.
LaTeX Font Info:    External font `cmex10' loaded for size
(Font)              <7> on input line 59.
LaTeX Font Info:    External font `cmex10' loaded for size
(Font)              <5> on input line 71.

Overfull \hbox (113.47049pt too wide) in paragraph at lines 59--73
[]
 []

LaTeX Font Info:    External font `cmex10' loaded for size
(Font)              <12> on input line 78.
LaTeX Font Info:    External font `cmex10' loaded for size
(Font)              <8> on input line 78.
LaTeX Font Info:    External font `cmex10' loaded for size
(Font)              <6> on input line 78.
[3] [4]

Package hyperref Warning: old toc file detected, not used; run LaTeX again.

\tf@toc=\write5
\openout5 = `diss.toc'.

[5

] [6

]

Package hyperref Warning: old lof file detected, not used; run LaTeX again.

\tf@lof=\write6
\openout6 = `diss.lof'.

[7] [8]
Chapter 1.

LaTeX Warning: Citation 'MotherDemo' on page 9 undefined on input line 127.


LaTeX Warning: Citation 'Ellis1989' on page 9 undefined on input line 127.

Missing character: There is no â in font cmr12!
Missing character: There is no € in font cmr12!
Missing character: There is no “ in font cmr12!

LaTeX Warning: Citation 'Gilbert2005' on page 9 undefined on input line 129.

[9

]

LaTeX Warning: Citation 'Lamport86' on page 10 undefined on input line 132.


LaTeX Warning: Reference `makefile' on page 10 undefined on input line 151.

[10] [11] [12

]
Chapter 2.
[13] [14

]
Chapter 3.
[15]

LaTeX Warning: Reference `latexpic1' on page 16 undefined on input line 262.


LaTeX Warning: Reference `latexpic1' on page 16 undefined on input line 262.


LaTeX Warning: Reference `latexpic2' on page 16 undefined on input line 263.


LaTeX Warning: Reference `latexpic2' on page 16 undefined on input line 263.


LaTeX Warning: Reference `epsfig' on page 16 undefined on input line 333.


LaTeX Warning: Reference `xfig' on page 16 undefined on input line 333.


LaTeX Warning: Reference `xfig' on page 16 undefined on input line 333.

[16] <figs/cuarms.pdf, id=106, 60.225pt x 72.27pt>
File: figs/cuarms.pdf Graphic file (type pdf)
 <use figs/cuarms.pdf>
Package pdftex.def Info: figs/cuarms.pdf used on input line 339.
(pdftex.def)             Requested size: 60.22484pt x 72.2698pt.

<figs/diagram.pdf, id=107, 458.71375pt x 336.25626pt>
File: figs/diagram.pdf Graphic file (type pdf)
 <use figs/diagram.pdf>
Package pdftex.def Info: figs/diagram.pdf used on input line 352.
(pdftex.def)             Requested size: 458.71263pt x 336.25543pt.

[17 <./figs/cuarms.pdf>] [18 <./figs/diagram.pdf>]
Chapter 4.
[19

] [20

]
Chapter 5.

LaTeX Warning: Empty bibliography on input line 382.

[21] [22

]
Appendix A.
File: diss.tex  (verbatim)
[23] [24]
Overfull \hbox (2082.04233pt too wide) in paragraph at lines 391--391
[]\OT1/cmtt/m/n/8 Real time interaction between users is becoming an increasing
ly important feature to many applications, from word processing to CAD to socia
l networking. This dissertation examines trade offs that should be considered w
hen applying the prevailing technologies that enable concurrent use of data in 
applications. More specifically, this project implements and analyzes a concurr
ent text editor based on Convergent Replicated Data Types (also known as Confli
ct-free Replicated Data Types), CRDT in short, in comparison to an editor explo
iting Operational Transformations (OT) as its core technology.[] 
 []


Overfull \hbox (4126.32169pt too wide) in paragraph at lines 391--391
[]\OT1/cmtt/m/n/8 Realtime collaborative editing was first motivated by a demon
stration in the Mother of All Demos by Douglas Engelbart in 1968 \cite{MotherDe
mo}. From that time, it took several decades for implementations of such editin
g systems to appear. Early products appeared in the 1990's, and the 1989 paper 
by Gibbs and Ellis \cite{Ellis1989} marked the beginning of extended research i
nto operational transformations. Due to almost 20 years of research, OT is a re
latively developed field of research and has been applied to products that are 
commonly used. The most familiar of these is likely to be Google Docs, which se
ems to behave in a predictable and well understood way. One reason Google Docs 
is so widely used might be that it follows users' expectations for how a concur
rent, multi-user document editor should work. Importantly, this includes lock-f
ree editing and independence on a fast connection, no loss of data, and the gua
rantee that everyone ends up with the same document when changes are complete. 
These are in fact the goals around which OT and CRDTs have developed.[] 
 []

Missing character: There is no â in font cmtt8!
Missing character: There is no € in font cmtt8!
Missing character: There is no “ in font cmtt8!

Overfull \hbox (3926.56882pt too wide) in paragraph at lines 391--391
[]\OT1/cmtt/m/n/8 The convergence, or consistency, property above is the hardes
t to provide  it is easy to create a system where the last writer wins, but dat
a is lost in the process. In a distributed system such as a shared text editor,
 the CAP theorem tells us we cannot guarantee all three of consistency, availab
ility, and partition-tolerance \cite{Gilbert2005}. However, if we forgo strong 
consistency guarantees and settle for eventual consistency, we are able provide
 all three [http://gun.js.org/distributed/matters.html]. However, achieving eve
ntual consistency is non-trivial. Operational transformations, if designed and 
implemented correctly, accomplish this by recording changes made locally to the
 data at the moment the user submits them. These operations are sent to the ser
ver, which linearizes [GB?] and forwards them to other clients. These clients t
ransform incoming operations against locally made changes in a way that guarant
ees both the sender and the receiver produce the same data. A simple example ca
n be seen in Figure 1.[] 
 []

[25] [26] [27] [28]
File: proposal.tex  (verbatim)
 [29]
Overfull \hbox (16.51266pt too wide) in paragraph at lines 394--394
[]\OT1/cmtt/m/n/8 meaning that all connected users should end up with the same 
result after receiving all changes to the document[] 
 []


Overfull \hbox (411.76834pt too wide) in paragraph at lines 394--394
[]\OT1/cmtt/m/n/8 --- even if edits conflict~\cite{Technion}. There are two mai
n technologies that are used to enable concurrent editing of a document (plain 
text or otherwise). One approach is Operational Transforms (OT),[] 
 []


Overfull \hbox (50.51315pt too wide) in paragraph at lines 394--394
[]\OT1/cmtt/m/n/8 such that the result converges~\cite{sun1998operational}. The
 server may also be required to make some transformations.[] 
 []


Overfull \hbox (33.51291pt too wide) in paragraph at lines 394--394
[]\OT1/cmtt/m/n/8 Thus, unless the server is trusted and secure, OT-based servi
ces cannot provide any security or privacy guarantees.[] 
 []


Overfull \hbox (3420.81155pt too wide) in paragraph at lines 394--394
[]\OT1/cmtt/m/n/8 The alternative, newer technology uses Conflict Free Replicat
ed Datatypes (CRDTs). Instead of resolving conflicts and guaranteeing eventual 
consistency by transforming operations against each other, CRDTs use special da
tastructures that guarantee that no operations will conflict~\cite{preguica2009
commutative}. There are many types of CRDTs that are tailored for different sit
uations. One example is a simple up-down counter which could be implemented as 
two locally replicated registers, one for increments and one for decrements, wh
ere the current state is their difference\cite{Shapiro2011}. Compared to OT, th
ere is no interdependence between edits (as long as the network protocol can gu
arantee in-order delivery), which means CRDT-based systems can do away with the
 server and be implemented using peer to peer (P2P) protocols. This lends itsel
f to security (encryption is now possible between endpoints),[] 
 []


Overfull \hbox (586.02084pt too wide) in paragraph at lines 394--394
[]\OT1/cmtt/m/n/8 This project is first concerned with exploring and developing
 a P2P CRDT concurrent text editor, and secondly comparing it to the OT-based c
lient/server approach available in the open source library ShareJS. Several ext
ensions are also possible,[] 
 []


Overfull \hbox (152.51462pt too wide) in paragraph at lines 394--394
[]\OT1/cmtt/m/n/8 The primary external resource I will need is the Javascript l
ibrary ShareJS, which is published under the MIT license on GitHub \cite{ShareJ
S}.[] 
 []


Overfull \hbox (8.01254pt too wide) in paragraph at lines 394--394
[]\OT1/cmtt/m/n/8 I have some knowledge of the open source library ShareJS from
 a past internship, which I aim to leverage when[] 
 []


Overfull \hbox (37.76297pt too wide) in paragraph at lines 394--394
[]\OT1/cmtt/m/n/8 I plan to implement a simulation of P2P CRDT text editing usi
ng Typescript. Following this, my project will focus on[] 
 []


Overfull \hbox (84.51364pt too wide) in paragraph at lines 394--394
[]\OT1/cmtt/m/n/8 comparing an existing OT-based concurrent document editing li
brary (ShareJS) to my implementation, in order to draw conclusions[] 
 []


Overfull \hbox (33.51291pt too wide) in paragraph at lines 394--394
[]\OT1/cmtt/m/n/8 system will need some optimization, which can feed back into 
my evaluation and comparison process. In the case that[] 
 []

[30]
Overfull \hbox (20.76273pt too wide) in paragraph at lines 394--394
[]\OT1/cmtt/m/n/8 learn frameworks for testing my implementation. The tests for
 correctness should include hand-crafted unit tests[] 
 []


Overfull \hbox (84.51364pt too wide) in paragraph at lines 394--394
[]\OT1/cmtt/m/n/8 \item \textbf{Implement Simulation:} Model having an arbitrar
y number of clients each running the CRDT algorithms, and simulate[] 
 []


Overfull \hbox (37.76297pt too wide) in paragraph at lines 394--394
[]\OT1/cmtt/m/n/8 networking between these clients. Because this is P2P, it may
 be worth adding functionality for a variety of network[] 
 []


Overfull \hbox (16.51266pt too wide) in paragraph at lines 394--394
[]\OT1/cmtt/m/n/8 feed back into the performance comparisons in the previous st
ep and help evaluate the optimizations themselves.[] 
 []


Overfull \hbox (29.26285pt too wide) in paragraph at lines 394--394
[]\OT1/cmtt/m/n/8 \item \textbf{Extensions:} The first extension is implementin
g a proper P2P network stack and remove the simulated[] 
 []


Overfull \hbox (25.01279pt too wide) in paragraph at lines 394--394
[]\OT1/cmtt/m/n/8 networking. Next would be researching undo and move operation
s and perhaps try to implement one or both of these.[] 
 []


Overfull \hbox (314.01694pt too wide) in paragraph at lines 394--394
[]\OT1/cmtt/m/n/8 \item (Easier) Replace networking simulation with a P2P netwo
rking library. The end result of this extension should be a ready to deploy Typ
escript (compiled to Javascript) library.[] 
 []


Overfull \hbox (301.26675pt too wide) in paragraph at lines 394--394
[]\OT1/cmtt/m/n/8 \item (Difficult) Research prior work on undo and move functi
onality using CRDTs. If something suitable is found, implement it. Otherwise, a
ttempt to work toward my own solution.[] 
 []


Overfull \hbox (16.51266pt too wide) in paragraph at lines 394--394
[]\OT1/cmtt/m/n/8 \item \textbf{Michaelmas weeks 2--3} Develop CRDT datastructu
re and algorithms on paper. Read into P2P networks[] 
 []


Overfull \hbox (46.26309pt too wide) in paragraph at lines 394--394
[]\OT1/cmtt/m/n/8 \item \textbf{Michaelmas weeks 4--5} Lay out project files an
d implement network simulation with support for different[] 
 []

[31]
Overfull \hbox (67.5134pt too wide) in paragraph at lines 394--394
[]\OT1/cmtt/m/n/8 \item \textbf{Michaelmas weeks 6--8} Implement CRDT datastruc
tures and algorithms, and connect these to network simulation.[] 
 []


Overfull \hbox (598.77103pt too wide) in paragraph at lines 394--394
[]\OT1/cmtt/m/n/8 \item \textbf{Michaelmas vacation} Learn an appropriate testi
ng framework, write and generate unit tests for correctness of implementation. 
Fix any bugs discovered by the testing process. Set up ShareJS environment. Beg
in outlining progress report.[] 
 []


Overfull \hbox (50.51315pt too wide) in paragraph at lines 394--394
[]\OT1/cmtt/m/n/8 \item \textbf{Lent weeks 2--4} Execute tests and analyze resu
lts. Try to explain differences and similarities observed.[] 
 []


Overfull \hbox (20.76273pt too wide) in paragraph at lines 394--394
[]\OT1/cmtt/m/n/8 \item \textbf{Lent weeks 5--6} Continue writing dissertation 
and optimizing system. Begin research for extension[] 
 []


Overfull \hbox (80.26358pt too wide) in paragraph at lines 394--394
[]\OT1/cmtt/m/n/8 \item \textbf{Lent weeks 7--8} Continue writing dissertation.
 Before terms ends, review and peer-review (including supervisor)[] 
 []

[32]
Appendix B.
No file makefile.txt.
File: refs.bib  (verbatim)

Overfull \hbox (29.26285pt too wide) in paragraph at lines 402--402
[]  \OT1/cmtt/m/n/8 howpublished = {\url{https://archive.org/details/XD300-25_6
8HighlightsAResearchCntAugHumanIntellect&start=286}},[] 
 []


Overfull \hbox (29.26285pt too wide) in paragraph at lines 402--402
[]\OT1/cmtt/m/n/8 title = {{Brewer ' s Conjecture and the Feasibility of Consis
tent , Available , Partition-Tolerant Web Services}},[] 
 []

[33

] [34

]
Appendix C.
(./proposal.tex

LaTeX Warning: Citation 'Technion' on page 35 undefined on input line 54.


LaTeX Warning: Citation 'sun1998operational' on page 35 undefined on input line
 58.

[35]

LaTeX Warning: Citation 'preguica2009commutative' on page 36 undefined on input
 line 62.


LaTeX Warning: Citation 'Shapiro2011' on page 36 undefined on input line 62.


LaTeX Warning: Citation 'ShareJS' on page 36 undefined on input line 70.

[36]
LaTeX Font Info:    Try loading font information for OMS+cmr on input line 138.

 (/usr/share/texlive/texmf-dist/tex/latex/base/omscmr.fd
File: omscmr.fd 1999/05/25 v2.5h Standard LaTeX font definitions
)
LaTeX Font Info:    Font shape `OMS/cmr/m/n' in size <12> not available
(Font)              Font shape `OMS/cmsy/m/n' tried instead on input line 138.
 [37] [38]
[39]

LaTeX Warning: Empty bibliography on input line 196.

)
Package atveryend Info: Empty hook `BeforeClearDocument' on input line 409.
Package atveryend Info: Empty hook `AfterLastShipout' on input line 409.
 (./diss.aux)
Package atveryend Info: Executing hook `AtVeryEndDocument' on input line 409.
Package atveryend Info: Executing hook `AtEndAfterFileList' on input line 409.


Package rerunfilecheck Warning: File `diss.out' has changed.
(rerunfilecheck)                Rerun to get outlines right
(rerunfilecheck)                or use package `bookmark'.

Package rerunfilecheck Info: Checksums for `diss.out':
(rerunfilecheck)             Before: <no file>
(rerunfilecheck)             After:  DEBBCD90E3565F14F62F9A13DCF60143;1222.

LaTeX Warning: There were undefined references.


LaTeX Warning: Label(s) may have changed. Rerun to get cross-references right.

Package atveryend Info: Empty hook `AtVeryVeryEnd' on input line 409.
 ) 
Here is how much of TeX's memory you used:
 11316 strings out of 495028
 180642 string characters out of 6181496
 607270 words of memory out of 5000000
 14314 multiletter control sequences out of 15000+600000
 11550 words of font info for 43 fonts, out of 8000000 for 9000
 14 hyphenation exceptions out of 8191
 37i,11n,35p,1123b,1632s stack positions out of 5000i,500n,10000p,200000b,80000s
</usr/share/texlive/texmf-dist/fonts/type1/public/amsfonts/cm/cmbx12.pfb></us
r/share/texlive/texmf-dist/fonts/type1/public/amsfonts/cm/cmmi12.pfb></usr/shar
e/texlive/texmf-dist/fonts/type1/public/amsfonts/cm/cmr10.pfb></usr/share/texli
ve/texmf-dist/fonts/type1/public/amsfonts/cm/cmr12.pfb></usr/share/texlive/texm
f-dist/fonts/type1/public/amsfonts/cm/cmr17.pfb></usr/share/texlive/texmf-dist/
fonts/type1/public/amsfonts/cm/cmr7.pfb></usr/share/texlive/texmf-dist/fonts/ty
pe1/public/amsfonts/cm/cmr8.pfb></usr/share/texlive/texmf-dist/fonts/type1/publ
ic/amsfonts/cm/cmsl12.pfb></usr/share/texlive/texmf-dist/fonts/type1/public/ams
fonts/cm/cmsy10.pfb></usr/share/texlive/texmf-dist/fonts/type1/public/amsfonts/
cm/cmtt10.pfb></usr/share/texlive/texmf-dist/fonts/type1/public/amsfonts/cm/cmt
t12.pfb></usr/share/texlive/texmf-dist/fonts/type1/public/amsfonts/cm/cmtt8.pfb
></usr/share/texlive/texmf-dist/fonts/type1/public/amsfonts/latxfont/lcircle1.p
fb></usr/share/texlive/texmf-dist/fonts/type1/public/amsfonts/latxfont/line10.p
fb>
Output written on diss.pdf (39 pages, 225518 bytes).
PDF statistics:
 330 PDF objects out of 1000 (max. 8388607)
 270 compressed objects within 3 object streams
 105 named destinations out of 1000 (max. 500000)
 11 words of extra memory for PDF output out of 10000 (max. 10000000)

