\BOOKMARK [0][-]{chapter.1}{Introduction}{}% 1
\BOOKMARK [1][-]{section.1.1}{Motivation}{chapter.1}% 2
\BOOKMARK [2][-]{subsection.1.1.1}{The makefile}{section.1.1}% 3
\BOOKMARK [1][-]{section.1.2}{Counting words}{chapter.1}% 4
\BOOKMARK [0][-]{chapter.2}{Preparation}{}% 5
\BOOKMARK [0][-]{chapter.3}{Implementation}{}% 6
\BOOKMARK [1][-]{section.3.1}{Verbatim text}{chapter.3}% 7
\BOOKMARK [1][-]{section.3.2}{Tables}{chapter.3}% 8
\BOOKMARK [1][-]{section.3.3}{Simple diagrams}{chapter.3}% 9
\BOOKMARK [1][-]{section.3.4}{Adding more complicated graphics}{chapter.3}% 10
\BOOKMARK [0][-]{chapter.4}{Evaluation}{}% 11
\BOOKMARK [1][-]{section.4.1}{Printing and binding}{chapter.4}% 12
\BOOKMARK [1][-]{section.4.2}{Further information}{chapter.4}% 13
\BOOKMARK [0][-]{chapter.5}{Conclusion}{}% 14
\BOOKMARK [0][-]{chapter.5}{Bibliography}{}% 15
\BOOKMARK [0][-]{appendix.A}{Latex source}{}% 16
\BOOKMARK [1][-]{section.A.1}{diss.tex}{appendix.A}% 17
\BOOKMARK [1][-]{section.A.2}{proposal.tex}{appendix.A}% 18
\BOOKMARK [0][-]{appendix.B}{Makefile}{}% 19
\BOOKMARK [1][-]{section.B.1}{makefile}{appendix.B}% 20
\BOOKMARK [1][-]{section.B.2}{refs.bib}{appendix.B}% 21
\BOOKMARK [0][-]{appendix.C}{Project Proposal}{}% 22
