1485358033934    sent    -1ec7b0c69b2801634b4defaedcdba3da5    {"doc":"experiment_0-158207","open":false,"error":"Document does not exist"}
1485358034094    sent    -122ac4b7219a35624464bbbc76e7b87dc    {"doc":"experiment_0-158207","open":false,"error":"Document does not exist"}
1485358034662    sent    -182bb12a8aacfb9a93828c4d92ee4e7f8    {"doc":"experiment_0-158207","open":false,"error":"Document does not exist"}
1485358035451    sent    -109f1b6d3cc9e761922ef46bda71e8743    {"doc":"experiment_0-158207","open":false,"error":"Document does not exist"}
1485358036012    sent    -1abc1a364cc0c7ef71e6cd05334f36e98    {"doc":"experiment_0-158207","open":false,"error":"Document does not exist"}
1485358038098    sent    -1f1d7ce6c2a584b2b5de0a6a92f28f8e8    {"doc":"experiment_0-158207","open":false,"error":"Document does not exist"}
1485358038317    sent    -1897a7bbd233f34b517568b5387fd719c    {"doc":"experiment_0-158207","open":false,"error":"Document does not exist"}
1485358039140    sent    -1e132d8649cd533c8edf50ffbdb9896d9    {"doc":"experiment_0-158207","open":false,"error":"Document does not exist"}
1485358040136    sent    -1e6693d78d67ef8bd827df5d1b91fefe6    {"doc":"experiment_0-158207","open":false,"error":"Document does not exist"}
1485358043610    sent    -152c1eed83b59c72311569a4cae7ae9ad    {"doc":"experiment_0-2913","create":true,"open":true,"v":0,"serveId":"52c1eed83b59c72311569a4cae7ae9ad"}
1485358043613    sent    -110d24ab0c4b42ea9b585415f190c4c22    {"doc":"experiment_0-2913","create":false,"v":0,"snapshot":"","open":true,"serveId":"10d24ab0c4b42ea9b585415f190c4c22"}
1485358043621    sent    -1515d6ee7afadcf1d530efd9d77c4e0b9    {"doc":"experiment_0-2913","create":false,"v":0,"snapshot":"","open":true,"serveId":"515d6ee7afadcf1d530efd9d77c4e0b9"}
1485358043631    sent    -15ceb394d0cb54f6ff5fd36f80d7d31fb    {"doc":"experiment_0-2913","create":false,"v":0,"snapshot":"","open":true,"serveId":"5ceb394d0cb54f6ff5fd36f80d7d31fb"}
1485358043643    sent    -1ca3a20aefbcd6645760a55eb0de139b6    {"doc":"experiment_0-2913","create":false,"v":0,"snapshot":"","open":true,"serveId":"ca3a20aefbcd6645760a55eb0de139b6"}
1485358043652    sent    -1d762a15940768493457dc8521bb69c4f    {"doc":"experiment_0-2913","create":false,"v":0,"snapshot":"","open":true,"serveId":"d762a15940768493457dc8521bb69c4f"}
1485358043656    sent    -116f0c5f2f758dac5aec29aadd1d43f3f    {"doc":"experiment_0-2913","create":false,"v":0,"snapshot":"","open":true,"serveId":"16f0c5f2f758dac5aec29aadd1d43f3f"}
1485358043665    sent    -15a1dd475bb609abed6071729cbf46c50    {"doc":"experiment_0-2913","create":false,"v":0,"snapshot":"","open":true,"serveId":"5a1dd475bb609abed6071729cbf46c50"}
1485358043673    sent    -1d45877614f3950ef99a3bafa58c65859    {"doc":"experiment_0-2913","create":false,"v":0,"snapshot":"","open":true,"serveId":"d45877614f3950ef99a3bafa58c65859"}
1485358043680    sent    -1cb72c5434926974ec324774581a931c2    {"doc":"experiment_0-2913","create":false,"v":0,"snapshot":"","open":true,"serveId":"cb72c5434926974ec324774581a931c2"}
1485358043758    sent    -152c1eed83b59c72311569a4cae7ae9ad    {"op":[{"p":0,"i":"common"}],"v":0,"meta":{"source":"d45877614f3950ef99a3bafa58c65859","ts":1485358043756}}
1485358043758    sent    -110d24ab0c4b42ea9b585415f190c4c22    {"op":[{"p":0,"i":"common"}],"v":0,"meta":{"source":"d45877614f3950ef99a3bafa58c65859","ts":1485358043756}}
1485358043758    sent    -1515d6ee7afadcf1d530efd9d77c4e0b9    {"op":[{"p":0,"i":"common"}],"v":0,"meta":{"source":"d45877614f3950ef99a3bafa58c65859","ts":1485358043756}}
1485358043758    sent    -15ceb394d0cb54f6ff5fd36f80d7d31fb    {"op":[{"p":0,"i":"common"}],"v":0,"meta":{"source":"d45877614f3950ef99a3bafa58c65859","ts":1485358043756}}
1485358043758    sent    -1ca3a20aefbcd6645760a55eb0de139b6    {"op":[{"p":0,"i":"common"}],"v":0,"meta":{"source":"d45877614f3950ef99a3bafa58c65859","ts":1485358043756}}
1485358043759    sent    -1d762a15940768493457dc8521bb69c4f    {"op":[{"p":0,"i":"common"}],"v":0,"meta":{"source":"d45877614f3950ef99a3bafa58c65859","ts":1485358043756}}
1485358043759    sent    -116f0c5f2f758dac5aec29aadd1d43f3f    {"op":[{"p":0,"i":"common"}],"v":0,"meta":{"source":"d45877614f3950ef99a3bafa58c65859","ts":1485358043756}}
1485358043759    sent    -15a1dd475bb609abed6071729cbf46c50    {"op":[{"p":0,"i":"common"}],"v":0,"meta":{"source":"d45877614f3950ef99a3bafa58c65859","ts":1485358043756}}
1485358043759    sent    -1cb72c5434926974ec324774581a931c2    {"op":[{"p":0,"i":"common"}],"v":0,"meta":{"source":"d45877614f3950ef99a3bafa58c65859","ts":1485358043756}}
1485358043759    sent    -1d45877614f3950ef99a3bafa58c65859    {"v":0}
1485358043797    sent    -152c1eed83b59c72311569a4cae7ae9ad    {"op":[{"p":0,"i":"glamour"}],"v":1,"meta":{"source":"515d6ee7afadcf1d530efd9d77c4e0b9","ts":1485358043797}}
1485358043798    sent    -1ca3a20aefbcd6645760a55eb0de139b6    {"op":[{"p":0,"i":"glamour"}],"v":1,"meta":{"source":"515d6ee7afadcf1d530efd9d77c4e0b9","ts":1485358043797}}
1485358043798    sent    -15a1dd475bb609abed6071729cbf46c50    {"op":[{"p":0,"i":"glamour"}],"v":1,"meta":{"source":"515d6ee7afadcf1d530efd9d77c4e0b9","ts":1485358043797}}
1485358043798    sent    -1d762a15940768493457dc8521bb69c4f    {"op":[{"p":0,"i":"glamour"}],"v":1,"meta":{"source":"515d6ee7afadcf1d530efd9d77c4e0b9","ts":1485358043797}}
1485358043798    sent    -1d45877614f3950ef99a3bafa58c65859    {"op":[{"p":0,"i":"glamour"}],"v":1,"meta":{"source":"515d6ee7afadcf1d530efd9d77c4e0b9","ts":1485358043797}}
1485358043798    sent    -1515d6ee7afadcf1d530efd9d77c4e0b9    {"v":1}
1485358043797    sent    -110d24ab0c4b42ea9b585415f190c4c22    {"op":[{"p":0,"i":"glamour"}],"v":1,"meta":{"source":"515d6ee7afadcf1d530efd9d77c4e0b9","ts":1485358043797}}
1485358043798    sent    -116f0c5f2f758dac5aec29aadd1d43f3f    {"op":[{"p":0,"i":"glamour"}],"v":1,"meta":{"source":"515d6ee7afadcf1d530efd9d77c4e0b9","ts":1485358043797}}
1485358043798    sent    -1cb72c5434926974ec324774581a931c2    {"op":[{"p":0,"i":"glamour"}],"v":1,"meta":{"source":"515d6ee7afadcf1d530efd9d77c4e0b9","ts":1485358043797}}
1485358043797    sent    -15ceb394d0cb54f6ff5fd36f80d7d31fb    {"op":[{"p":0,"i":"glamour"}],"v":1,"meta":{"source":"515d6ee7afadcf1d530efd9d77c4e0b9","ts":1485358043797}}
1485358043812    sent    -152c1eed83b59c72311569a4cae7ae9ad    {"op":[{"i":"forfeiture","p":0}],"v":2,"meta":{"source":"10d24ab0c4b42ea9b585415f190c4c22","ts":1485358043811}}
1485358043813    sent    -1515d6ee7afadcf1d530efd9d77c4e0b9    {"op":[{"i":"forfeiture","p":0}],"v":2,"meta":{"source":"10d24ab0c4b42ea9b585415f190c4c22","ts":1485358043811}}
1485358043813    sent    -15ceb394d0cb54f6ff5fd36f80d7d31fb    {"op":[{"i":"forfeiture","p":0}],"v":2,"meta":{"source":"10d24ab0c4b42ea9b585415f190c4c22","ts":1485358043811}}
1485358043813    sent    -15a1dd475bb609abed6071729cbf46c50    {"op":[{"i":"forfeiture","p":0}],"v":2,"meta":{"source":"10d24ab0c4b42ea9b585415f190c4c22","ts":1485358043811}}
1485358043813    sent    -1d45877614f3950ef99a3bafa58c65859    {"op":[{"i":"forfeiture","p":0}],"v":2,"meta":{"source":"10d24ab0c4b42ea9b585415f190c4c22","ts":1485358043811}}
1485358043813    sent    -1cb72c5434926974ec324774581a931c2    {"op":[{"i":"forfeiture","p":0}],"v":2,"meta":{"source":"10d24ab0c4b42ea9b585415f190c4c22","ts":1485358043811}}
1485358043813    sent    -110d24ab0c4b42ea9b585415f190c4c22    {"v":2}
1485358043813    sent    -1ca3a20aefbcd6645760a55eb0de139b6    {"op":[{"i":"forfeiture","p":0}],"v":2,"meta":{"source":"10d24ab0c4b42ea9b585415f190c4c22","ts":1485358043811}}
1485358043813    sent    -1d762a15940768493457dc8521bb69c4f    {"op":[{"i":"forfeiture","p":0}],"v":2,"meta":{"source":"10d24ab0c4b42ea9b585415f190c4c22","ts":1485358043811}}
1485358043813    sent    -116f0c5f2f758dac5aec29aadd1d43f3f    {"op":[{"i":"forfeiture","p":0}],"v":2,"meta":{"source":"10d24ab0c4b42ea9b585415f190c4c22","ts":1485358043811}}
1485358043870    sent    -152c1eed83b59c72311569a4cae7ae9ad    {"op":[{"i":"abused","p":0}],"v":3,"meta":{"source":"5a1dd475bb609abed6071729cbf46c50","ts":1485358043870}}
1485358043870    sent    -110d24ab0c4b42ea9b585415f190c4c22    {"op":[{"i":"abused","p":0}],"v":3,"meta":{"source":"5a1dd475bb609abed6071729cbf46c50","ts":1485358043870}}
1485358043870    sent    -1d762a15940768493457dc8521bb69c4f    {"op":[{"i":"abused","p":0}],"v":3,"meta":{"source":"5a1dd475bb609abed6071729cbf46c50","ts":1485358043870}}
1485358043870    sent    -116f0c5f2f758dac5aec29aadd1d43f3f    {"op":[{"i":"abused","p":0}],"v":3,"meta":{"source":"5a1dd475bb609abed6071729cbf46c50","ts":1485358043870}}
1485358043870    sent    -1d45877614f3950ef99a3bafa58c65859    {"op":[{"i":"abused","p":0}],"v":3,"meta":{"source":"5a1dd475bb609abed6071729cbf46c50","ts":1485358043870}}
1485358043871    sent    -1cb72c5434926974ec324774581a931c2    {"op":[{"i":"abused","p":0}],"v":3,"meta":{"source":"5a1dd475bb609abed6071729cbf46c50","ts":1485358043870}}
1485358043871    sent    -15a1dd475bb609abed6071729cbf46c50    {"v":3}
1485358043870    sent    -1515d6ee7afadcf1d530efd9d77c4e0b9    {"op":[{"i":"abused","p":0}],"v":3,"meta":{"source":"5a1dd475bb609abed6071729cbf46c50","ts":1485358043870}}
1485358043870    sent    -15ceb394d0cb54f6ff5fd36f80d7d31fb    {"op":[{"i":"abused","p":0}],"v":3,"meta":{"source":"5a1dd475bb609abed6071729cbf46c50","ts":1485358043870}}
1485358043870    sent    -1ca3a20aefbcd6645760a55eb0de139b6    {"op":[{"i":"abused","p":0}],"v":3,"meta":{"source":"5a1dd475bb609abed6071729cbf46c50","ts":1485358043870}}
1485358043880    sent    -152c1eed83b59c72311569a4cae7ae9ad    {"op":[{"i":"Nasser","p":0}],"v":4,"meta":{"source":"d762a15940768493457dc8521bb69c4f","ts":1485358043880}}
1485358043880    sent    -110d24ab0c4b42ea9b585415f190c4c22    {"op":[{"i":"Nasser","p":0}],"v":4,"meta":{"source":"d762a15940768493457dc8521bb69c4f","ts":1485358043880}}
1485358043880    sent    -116f0c5f2f758dac5aec29aadd1d43f3f    {"op":[{"i":"Nasser","p":0}],"v":4,"meta":{"source":"d762a15940768493457dc8521bb69c4f","ts":1485358043880}}
1485358043880    sent    -15a1dd475bb609abed6071729cbf46c50    {"op":[{"i":"Nasser","p":0}],"v":4,"meta":{"source":"d762a15940768493457dc8521bb69c4f","ts":1485358043880}}
1485358043880    sent    -1d45877614f3950ef99a3bafa58c65859    {"op":[{"i":"Nasser","p":0}],"v":4,"meta":{"source":"d762a15940768493457dc8521bb69c4f","ts":1485358043880}}
1485358043881    sent    -1cb72c5434926974ec324774581a931c2    {"op":[{"i":"Nasser","p":0}],"v":4,"meta":{"source":"d762a15940768493457dc8521bb69c4f","ts":1485358043880}}
1485358043881    sent    -1d762a15940768493457dc8521bb69c4f    {"v":4}
1485358043880    sent    -1515d6ee7afadcf1d530efd9d77c4e0b9    {"op":[{"i":"Nasser","p":0}],"v":4,"meta":{"source":"d762a15940768493457dc8521bb69c4f","ts":1485358043880}}
1485358043880    sent    -15ceb394d0cb54f6ff5fd36f80d7d31fb    {"op":[{"i":"Nasser","p":0}],"v":4,"meta":{"source":"d762a15940768493457dc8521bb69c4f","ts":1485358043880}}
1485358043880    sent    -1ca3a20aefbcd6645760a55eb0de139b6    {"op":[{"i":"Nasser","p":0}],"v":4,"meta":{"source":"d762a15940768493457dc8521bb69c4f","ts":1485358043880}}
1485358043939    sent    -1515d6ee7afadcf1d530efd9d77c4e0b9    {"op":[{"i":"garnisheeing","p":0}],"v":5,"meta":{"source":"cb72c5434926974ec324774581a931c2","ts":1485358043939}}
1485358043939    sent    -152c1eed83b59c72311569a4cae7ae9ad    {"op":[{"i":"garnisheeing","p":0}],"v":5,"meta":{"source":"cb72c5434926974ec324774581a931c2","ts":1485358043939}}
1485358043939    sent    -1ca3a20aefbcd6645760a55eb0de139b6    {"op":[{"i":"garnisheeing","p":0}],"v":5,"meta":{"source":"cb72c5434926974ec324774581a931c2","ts":1485358043939}}
1485358043939    sent    -116f0c5f2f758dac5aec29aadd1d43f3f    {"op":[{"i":"garnisheeing","p":0}],"v":5,"meta":{"source":"cb72c5434926974ec324774581a931c2","ts":1485358043939}}
1485358043939    sent    -15ceb394d0cb54f6ff5fd36f80d7d31fb    {"op":[{"i":"garnisheeing","p":0}],"v":5,"meta":{"source":"cb72c5434926974ec324774581a931c2","ts":1485358043939}}
1485358043939    sent    -15a1dd475bb609abed6071729cbf46c50    {"op":[{"i":"garnisheeing","p":0}],"v":5,"meta":{"source":"cb72c5434926974ec324774581a931c2","ts":1485358043939}}
1485358043939    sent    -110d24ab0c4b42ea9b585415f190c4c22    {"op":[{"i":"garnisheeing","p":0}],"v":5,"meta":{"source":"cb72c5434926974ec324774581a931c2","ts":1485358043939}}
1485358043939    sent    -1cb72c5434926974ec324774581a931c2    {"v":5}
1485358043939    sent    -1d45877614f3950ef99a3bafa58c65859    {"op":[{"i":"garnisheeing","p":0}],"v":5,"meta":{"source":"cb72c5434926974ec324774581a931c2","ts":1485358043939}}
1485358043939    sent    -1d762a15940768493457dc8521bb69c4f    {"op":[{"i":"garnisheeing","p":0}],"v":5,"meta":{"source":"cb72c5434926974ec324774581a931c2","ts":1485358043939}}
1485358043979    sent    -152c1eed83b59c72311569a4cae7ae9ad    {"op":[{"i":"haloed","p":0}],"v":6,"meta":{"source":"ca3a20aefbcd6645760a55eb0de139b6","ts":1485358043979}}
1485358043979    sent    -1515d6ee7afadcf1d530efd9d77c4e0b9    {"op":[{"i":"haloed","p":0}],"v":6,"meta":{"source":"ca3a20aefbcd6645760a55eb0de139b6","ts":1485358043979}}
1485358043979    sent    -1d762a15940768493457dc8521bb69c4f    {"op":[{"i":"haloed","p":0}],"v":6,"meta":{"source":"ca3a20aefbcd6645760a55eb0de139b6","ts":1485358043979}}
1485358043979    sent    -15a1dd475bb609abed6071729cbf46c50    {"op":[{"i":"haloed","p":0}],"v":6,"meta":{"source":"ca3a20aefbcd6645760a55eb0de139b6","ts":1485358043979}}
1485358043979    sent    -1d45877614f3950ef99a3bafa58c65859    {"op":[{"i":"haloed","p":0}],"v":6,"meta":{"source":"ca3a20aefbcd6645760a55eb0de139b6","ts":1485358043979}}
1485358043979    sent    -1cb72c5434926974ec324774581a931c2    {"op":[{"i":"haloed","p":0}],"v":6,"meta":{"source":"ca3a20aefbcd6645760a55eb0de139b6","ts":1485358043979}}
1485358043979    sent    -1ca3a20aefbcd6645760a55eb0de139b6    {"v":6}
1485358043979    sent    -110d24ab0c4b42ea9b585415f190c4c22    {"op":[{"i":"haloed","p":0}],"v":6,"meta":{"source":"ca3a20aefbcd6645760a55eb0de139b6","ts":1485358043979}}
1485358043979    sent    -15ceb394d0cb54f6ff5fd36f80d7d31fb    {"op":[{"i":"haloed","p":0}],"v":6,"meta":{"source":"ca3a20aefbcd6645760a55eb0de139b6","ts":1485358043979}}
1485358043979    sent    -116f0c5f2f758dac5aec29aadd1d43f3f    {"op":[{"i":"haloed","p":0}],"v":6,"meta":{"source":"ca3a20aefbcd6645760a55eb0de139b6","ts":1485358043979}}
1485358044022    sent    -110d24ab0c4b42ea9b585415f190c4c22    {"op":[{"i":"avenger","p":0}],"v":7,"meta":{"source":"52c1eed83b59c72311569a4cae7ae9ad","ts":1485358044022}}
1485358044022    sent    -1ca3a20aefbcd6645760a55eb0de139b6    {"op":[{"i":"avenger","p":0}],"v":7,"meta":{"source":"52c1eed83b59c72311569a4cae7ae9ad","ts":1485358044022}}
1485358044022    sent    -116f0c5f2f758dac5aec29aadd1d43f3f    {"op":[{"i":"avenger","p":0}],"v":7,"meta":{"source":"52c1eed83b59c72311569a4cae7ae9ad","ts":1485358044022}}
1485358044023    sent    -15a1dd475bb609abed6071729cbf46c50    {"op":[{"i":"avenger","p":0}],"v":7,"meta":{"source":"52c1eed83b59c72311569a4cae7ae9ad","ts":1485358044022}}
1485358044023    sent    -1d45877614f3950ef99a3bafa58c65859    {"op":[{"i":"avenger","p":0}],"v":7,"meta":{"source":"52c1eed83b59c72311569a4cae7ae9ad","ts":1485358044022}}
1485358044023    sent    -1cb72c5434926974ec324774581a931c2    {"op":[{"i":"avenger","p":0}],"v":7,"meta":{"source":"52c1eed83b59c72311569a4cae7ae9ad","ts":1485358044022}}
1485358044023    sent    -152c1eed83b59c72311569a4cae7ae9ad    {"v":7}
1485358044022    sent    -1515d6ee7afadcf1d530efd9d77c4e0b9    {"op":[{"i":"avenger","p":0}],"v":7,"meta":{"source":"52c1eed83b59c72311569a4cae7ae9ad","ts":1485358044022}}
1485358044022    sent    -15ceb394d0cb54f6ff5fd36f80d7d31fb    {"op":[{"i":"avenger","p":0}],"v":7,"meta":{"source":"52c1eed83b59c72311569a4cae7ae9ad","ts":1485358044022}}
1485358044022    sent    -1d762a15940768493457dc8521bb69c4f    {"op":[{"i":"avenger","p":0}],"v":7,"meta":{"source":"52c1eed83b59c72311569a4cae7ae9ad","ts":1485358044022}}
1485358044066    sent    -152c1eed83b59c72311569a4cae7ae9ad    {"op":[{"i":"Amie","p":0}],"v":8,"meta":{"source":"5ceb394d0cb54f6ff5fd36f80d7d31fb","ts":1485358044066}}
1485358044066    sent    -1d762a15940768493457dc8521bb69c4f    {"op":[{"i":"Amie","p":0}],"v":8,"meta":{"source":"5ceb394d0cb54f6ff5fd36f80d7d31fb","ts":1485358044066}}
1485358044067    sent    -116f0c5f2f758dac5aec29aadd1d43f3f    {"op":[{"i":"Amie","p":0}],"v":8,"meta":{"source":"5ceb394d0cb54f6ff5fd36f80d7d31fb","ts":1485358044066}}
1485358044067    sent    -15a1dd475bb609abed6071729cbf46c50    {"op":[{"i":"Amie","p":0}],"v":8,"meta":{"source":"5ceb394d0cb54f6ff5fd36f80d7d31fb","ts":1485358044066}}
1485358044067    sent    -1d45877614f3950ef99a3bafa58c65859    {"op":[{"i":"Amie","p":0}],"v":8,"meta":{"source":"5ceb394d0cb54f6ff5fd36f80d7d31fb","ts":1485358044066}}
1485358044066    sent    -110d24ab0c4b42ea9b585415f190c4c22    {"op":[{"i":"Amie","p":0}],"v":8,"meta":{"source":"5ceb394d0cb54f6ff5fd36f80d7d31fb","ts":1485358044066}}
1485358044066    sent    -1515d6ee7afadcf1d530efd9d77c4e0b9    {"op":[{"i":"Amie","p":0}],"v":8,"meta":{"source":"5ceb394d0cb54f6ff5fd36f80d7d31fb","ts":1485358044066}}
1485358044066    sent    -1ca3a20aefbcd6645760a55eb0de139b6    {"op":[{"i":"Amie","p":0}],"v":8,"meta":{"source":"5ceb394d0cb54f6ff5fd36f80d7d31fb","ts":1485358044066}}
1485358044067    sent    -1cb72c5434926974ec324774581a931c2    {"op":[{"i":"Amie","p":0}],"v":8,"meta":{"source":"5ceb394d0cb54f6ff5fd36f80d7d31fb","ts":1485358044066}}
1485358044067    sent    -15ceb394d0cb54f6ff5fd36f80d7d31fb    {"v":8}
1485358044104    sent    -152c1eed83b59c72311569a4cae7ae9ad    {"op":[{"i":"mongering","p":0}],"v":9,"meta":{"source":"16f0c5f2f758dac5aec29aadd1d43f3f","ts":1485358044104}}
1485358044104    sent    -110d24ab0c4b42ea9b585415f190c4c22    {"op":[{"i":"mongering","p":0}],"v":9,"meta":{"source":"16f0c5f2f758dac5aec29aadd1d43f3f","ts":1485358044104}}
1485358044104    sent    -1515d6ee7afadcf1d530efd9d77c4e0b9    {"op":[{"i":"mongering","p":0}],"v":9,"meta":{"source":"16f0c5f2f758dac5aec29aadd1d43f3f","ts":1485358044104}}
1485358044104    sent    -1ca3a20aefbcd6645760a55eb0de139b6    {"op":[{"i":"mongering","p":0}],"v":9,"meta":{"source":"16f0c5f2f758dac5aec29aadd1d43f3f","ts":1485358044104}}
1485358044104    sent    -1d45877614f3950ef99a3bafa58c65859    {"op":[{"i":"mongering","p":0}],"v":9,"meta":{"source":"16f0c5f2f758dac5aec29aadd1d43f3f","ts":1485358044104}}
1485358044104    sent    -1cb72c5434926974ec324774581a931c2    {"op":[{"i":"mongering","p":0}],"v":9,"meta":{"source":"16f0c5f2f758dac5aec29aadd1d43f3f","ts":1485358044104}}
1485358044104    sent    -116f0c5f2f758dac5aec29aadd1d43f3f    {"v":9}
1485358044104    sent    -15ceb394d0cb54f6ff5fd36f80d7d31fb    {"op":[{"i":"mongering","p":0}],"v":9,"meta":{"source":"16f0c5f2f758dac5aec29aadd1d43f3f","ts":1485358044104}}
1485358044104    sent    -1d762a15940768493457dc8521bb69c4f    {"op":[{"i":"mongering","p":0}],"v":9,"meta":{"source":"16f0c5f2f758dac5aec29aadd1d43f3f","ts":1485358044104}}
1485358044104    sent    -15a1dd475bb609abed6071729cbf46c50    {"op":[{"i":"mongering","p":0}],"v":9,"meta":{"source":"16f0c5f2f758dac5aec29aadd1d43f3f","ts":1485358044104}}
