1485531559155    join    -1    {"doc":"experiment_0-181847","open":true,"snapshot":null,"type":"text","create":true}
1485531559158    join-ack    -1    {"doc":"experiment_0-181847","create":true,"open":true,"v":0,"serveId":"8f6a4217c09e522cf680ab15df43d9a4"}
1485531559163    join    -1    {"doc":"experiment_0-181847","open":true,"snapshot":null,"type":"text","create":true}
1485531559163    join-ack    -1    {"doc":"experiment_0-181847","create":false,"v":0,"snapshot":"","open":true,"serveId":"c1667c48b99d3b6813d8fe3a25bd750b"}
1485531559171    join-ack    -1    {"doc":"experiment_0-181847","create":false,"v":0,"snapshot":"","open":true,"serveId":"c5ccc5ce4e6cd48226640f2c853cd5f6"}
1485531559171    join    -1    {"doc":"experiment_0-181847","open":true,"snapshot":null,"type":"text","create":true}
1485531559176    join    -1    {"doc":"experiment_0-181847","open":true,"snapshot":null,"type":"text","create":true}
1485531559177    join-ack    -1    {"doc":"experiment_0-181847","create":false,"v":0,"snapshot":"","open":true,"serveId":"b8d266540b657d970a18c119f84e34ce"}
1485531559186    join    -1    {"doc":"experiment_0-181847","open":true,"snapshot":null,"type":"text","create":true}
1485531559186    join-ack    -1    {"doc":"experiment_0-181847","create":false,"v":0,"snapshot":"","open":true,"serveId":"e5c6d088dd7ce286479a0e44ae108270"}
1485531559202    join    -1    {"doc":"experiment_0-181847","open":true,"snapshot":null,"type":"text","create":true}
1485531559202    join-ack    -1    {"doc":"experiment_0-181847","create":false,"v":0,"snapshot":"","open":true,"serveId":"5541cd2c5fa576ac083fbb96112e0096"}
1485531559207    join-ack    -1    {"doc":"experiment_0-181847","create":false,"v":0,"snapshot":"","open":true,"serveId":"64f4bc470eb53907d6f220fb08ac5e5a"}
1485531559209    join    -1    {"doc":"experiment_0-181847","open":true,"snapshot":null,"type":"text","create":true}
1485531559207    join    -1    {"doc":"experiment_0-181847","open":true,"snapshot":null,"type":"text","create":true}
1485531559209    join-ack    -1    {"doc":"experiment_0-181847","create":false,"v":0,"snapshot":"","open":true,"serveId":"26cb48fd14aeb4989fb6fed9edabbbd1"}
1485531559224    join    -1    {"doc":"experiment_0-181847","open":true,"snapshot":null,"type":"text","create":true}
1485531559224    join-ack    -1    {"doc":"experiment_0-181847","create":false,"v":0,"snapshot":"","open":true,"serveId":"55f4a0885dba33338e1bf08896942b02"}
1485531559288    join-ack    -1    {"doc":"experiment_0-181847","create":false,"v":0,"snapshot":"","open":true,"serveId":"34047cbecde768ab6bfb8ad8ea74ffe4"}
1485531559287    join    -1    {"doc":"experiment_0-181847","open":true,"snapshot":null,"type":"text","create":true}
1485531559321    received    26cb48fd14aeb4989fb6fed9edabbbd1    -1    sharejs-op    63    {"op":[{"p":0,"i":"common"}],"v":0,"doc":"experiment_0-181847"}
1485531559325    sent    -1    8f6a4217c09e522cf680ab15df43d9a4    sharejs-op    107    {"op":[{"p":0,"i":"common"}],"v":0,"meta":{"source":"26cb48fd14aeb4989fb6fed9edabbbd1","ts":1485531559323}}
1485531559326    sent    -1    e5c6d088dd7ce286479a0e44ae108270    sharejs-op    107    {"op":[{"p":0,"i":"common"}],"v":0,"meta":{"source":"26cb48fd14aeb4989fb6fed9edabbbd1","ts":1485531559323}}
1485531559326    sent    -1    5541cd2c5fa576ac083fbb96112e0096    sharejs-op    107    {"op":[{"p":0,"i":"common"}],"v":0,"meta":{"source":"26cb48fd14aeb4989fb6fed9edabbbd1","ts":1485531559323}}
1485531559326    sent    -1    64f4bc470eb53907d6f220fb08ac5e5a    sharejs-op    107    {"op":[{"p":0,"i":"common"}],"v":0,"meta":{"source":"26cb48fd14aeb4989fb6fed9edabbbd1","ts":1485531559323}}
1485531559326    sent    -1    55f4a0885dba33338e1bf08896942b02    sharejs-op    107    {"op":[{"p":0,"i":"common"}],"v":0,"meta":{"source":"26cb48fd14aeb4989fb6fed9edabbbd1","ts":1485531559323}}
1485531559326    sent    -1    34047cbecde768ab6bfb8ad8ea74ffe4    sharejs-op    107    {"op":[{"p":0,"i":"common"}],"v":0,"meta":{"source":"26cb48fd14aeb4989fb6fed9edabbbd1","ts":1485531559323}}
1485531559326    sent    -1    26cb48fd14aeb4989fb6fed9edabbbd1    sharejs-op    7    {"v":0}
1485531559325    sent    -1    c1667c48b99d3b6813d8fe3a25bd750b    sharejs-op    107    {"op":[{"p":0,"i":"common"}],"v":0,"meta":{"source":"26cb48fd14aeb4989fb6fed9edabbbd1","ts":1485531559323}}
1485531559325    sent    -1    c5ccc5ce4e6cd48226640f2c853cd5f6    sharejs-op    107    {"op":[{"p":0,"i":"common"}],"v":0,"meta":{"source":"26cb48fd14aeb4989fb6fed9edabbbd1","ts":1485531559323}}
1485531559326    sent    -1    b8d266540b657d970a18c119f84e34ce    sharejs-op    107    {"op":[{"p":0,"i":"common"}],"v":0,"meta":{"source":"26cb48fd14aeb4989fb6fed9edabbbd1","ts":1485531559323}}
1485531559368    received    55f4a0885dba33338e1bf08896942b02    -1    sharejs-op    64    {"op":[{"p":0,"i":"glamour"}],"v":0,"doc":"experiment_0-181847"}
1485531559371    sent    -1    8f6a4217c09e522cf680ab15df43d9a4    sharejs-op    108    {"op":[{"i":"glamour","p":0}],"v":1,"meta":{"source":"55f4a0885dba33338e1bf08896942b02","ts":1485531559369}}
1485531559371    sent    -1    c1667c48b99d3b6813d8fe3a25bd750b    sharejs-op    108    {"op":[{"i":"glamour","p":0}],"v":1,"meta":{"source":"55f4a0885dba33338e1bf08896942b02","ts":1485531559369}}
1485531559371    sent    -1    c5ccc5ce4e6cd48226640f2c853cd5f6    sharejs-op    108    {"op":[{"i":"glamour","p":0}],"v":1,"meta":{"source":"55f4a0885dba33338e1bf08896942b02","ts":1485531559369}}
1485531559371    sent    -1    b8d266540b657d970a18c119f84e34ce    sharejs-op    108    {"op":[{"i":"glamour","p":0}],"v":1,"meta":{"source":"55f4a0885dba33338e1bf08896942b02","ts":1485531559369}}
1485531559373    sent    -1    64f4bc470eb53907d6f220fb08ac5e5a    sharejs-op    108    {"op":[{"i":"glamour","p":0}],"v":1,"meta":{"source":"55f4a0885dba33338e1bf08896942b02","ts":1485531559369}}
1485531559371    sent    -1    e5c6d088dd7ce286479a0e44ae108270    sharejs-op    108    {"op":[{"i":"glamour","p":0}],"v":1,"meta":{"source":"55f4a0885dba33338e1bf08896942b02","ts":1485531559369}}
1485531559371    sent    -1    5541cd2c5fa576ac083fbb96112e0096    sharejs-op    108    {"op":[{"i":"glamour","p":0}],"v":1,"meta":{"source":"55f4a0885dba33338e1bf08896942b02","ts":1485531559369}}
1485531559373    sent    -1    26cb48fd14aeb4989fb6fed9edabbbd1    sharejs-op    108    {"op":[{"i":"glamour","p":0}],"v":1,"meta":{"source":"55f4a0885dba33338e1bf08896942b02","ts":1485531559369}}
1485531559373    sent    -1    34047cbecde768ab6bfb8ad8ea74ffe4    sharejs-op    108    {"op":[{"i":"glamour","p":0}],"v":1,"meta":{"source":"55f4a0885dba33338e1bf08896942b02","ts":1485531559369}}
1485531559373    sent    -1    55f4a0885dba33338e1bf08896942b02    sharejs-op    7    {"v":1}
1485531559381    received    5541cd2c5fa576ac083fbb96112e0096    -1    sharejs-op    67    {"op":[{"p":0,"i":"forfeiture"}],"v":1,"doc":"experiment_0-181847"}
1485531559382    sent    -1    8f6a4217c09e522cf680ab15df43d9a4    sharejs-op    111    {"op":[{"i":"forfeiture","p":0}],"v":2,"meta":{"source":"5541cd2c5fa576ac083fbb96112e0096","ts":1485531559382}}
1485531559382    sent    -1    c1667c48b99d3b6813d8fe3a25bd750b    sharejs-op    111    {"op":[{"i":"forfeiture","p":0}],"v":2,"meta":{"source":"5541cd2c5fa576ac083fbb96112e0096","ts":1485531559382}}
1485531559382    sent    -1    c5ccc5ce4e6cd48226640f2c853cd5f6    sharejs-op    111    {"op":[{"i":"forfeiture","p":0}],"v":2,"meta":{"source":"5541cd2c5fa576ac083fbb96112e0096","ts":1485531559382}}
1485531559382    sent    -1    b8d266540b657d970a18c119f84e34ce    sharejs-op    111    {"op":[{"i":"forfeiture","p":0}],"v":2,"meta":{"source":"5541cd2c5fa576ac083fbb96112e0096","ts":1485531559382}}
1485531559383    sent    -1    55f4a0885dba33338e1bf08896942b02    sharejs-op    111    {"op":[{"i":"forfeiture","p":0}],"v":2,"meta":{"source":"5541cd2c5fa576ac083fbb96112e0096","ts":1485531559382}}
1485531559383    sent    -1    34047cbecde768ab6bfb8ad8ea74ffe4    sharejs-op    111    {"op":[{"i":"forfeiture","p":0}],"v":2,"meta":{"source":"5541cd2c5fa576ac083fbb96112e0096","ts":1485531559382}}
1485531559383    sent    -1    5541cd2c5fa576ac083fbb96112e0096    sharejs-op    7    {"v":2}
1485531559382    sent    -1    e5c6d088dd7ce286479a0e44ae108270    sharejs-op    111    {"op":[{"i":"forfeiture","p":0}],"v":2,"meta":{"source":"5541cd2c5fa576ac083fbb96112e0096","ts":1485531559382}}
1485531559382    sent    -1    64f4bc470eb53907d6f220fb08ac5e5a    sharejs-op    111    {"op":[{"i":"forfeiture","p":0}],"v":2,"meta":{"source":"5541cd2c5fa576ac083fbb96112e0096","ts":1485531559382}}
1485531559383    sent    -1    26cb48fd14aeb4989fb6fed9edabbbd1    sharejs-op    111    {"op":[{"i":"forfeiture","p":0}],"v":2,"meta":{"source":"5541cd2c5fa576ac083fbb96112e0096","ts":1485531559382}}
1485531559405    received    e5c6d088dd7ce286479a0e44ae108270    -1    sharejs-op    63    {"op":[{"p":0,"i":"abused"}],"v":1,"doc":"experiment_0-181847"}
1485531559406    sent    -1    8f6a4217c09e522cf680ab15df43d9a4    sharejs-op    107    {"op":[{"i":"abused","p":0}],"v":3,"meta":{"source":"e5c6d088dd7ce286479a0e44ae108270","ts":1485531559406}}
1485531559406    sent    -1    c1667c48b99d3b6813d8fe3a25bd750b    sharejs-op    107    {"op":[{"i":"abused","p":0}],"v":3,"meta":{"source":"e5c6d088dd7ce286479a0e44ae108270","ts":1485531559406}}
1485531559406    sent    -1    c5ccc5ce4e6cd48226640f2c853cd5f6    sharejs-op    107    {"op":[{"i":"abused","p":0}],"v":3,"meta":{"source":"e5c6d088dd7ce286479a0e44ae108270","ts":1485531559406}}
1485531559407    sent    -1    b8d266540b657d970a18c119f84e34ce    sharejs-op    107    {"op":[{"i":"abused","p":0}],"v":3,"meta":{"source":"e5c6d088dd7ce286479a0e44ae108270","ts":1485531559406}}
1485531559407    sent    -1    5541cd2c5fa576ac083fbb96112e0096    sharejs-op    107    {"op":[{"i":"abused","p":0}],"v":3,"meta":{"source":"e5c6d088dd7ce286479a0e44ae108270","ts":1485531559406}}
1485531559407    sent    -1    64f4bc470eb53907d6f220fb08ac5e5a    sharejs-op    107    {"op":[{"i":"abused","p":0}],"v":3,"meta":{"source":"e5c6d088dd7ce286479a0e44ae108270","ts":1485531559406}}
1485531559407    sent    -1    26cb48fd14aeb4989fb6fed9edabbbd1    sharejs-op    107    {"op":[{"i":"abused","p":0}],"v":3,"meta":{"source":"e5c6d088dd7ce286479a0e44ae108270","ts":1485531559406}}
1485531559407    sent    -1    55f4a0885dba33338e1bf08896942b02    sharejs-op    107    {"op":[{"i":"abused","p":0}],"v":3,"meta":{"source":"e5c6d088dd7ce286479a0e44ae108270","ts":1485531559406}}
1485531559407    sent    -1    34047cbecde768ab6bfb8ad8ea74ffe4    sharejs-op    107    {"op":[{"i":"abused","p":0}],"v":3,"meta":{"source":"e5c6d088dd7ce286479a0e44ae108270","ts":1485531559406}}
1485531559407    sent    -1    e5c6d088dd7ce286479a0e44ae108270    sharejs-op    7    {"v":3}
1485531559462    received    8f6a4217c09e522cf680ab15df43d9a4    -1    sharejs-op    63    {"op":[{"p":0,"i":"Nasser"}],"v":3,"doc":"experiment_0-181847"}
1485531559462    sent    -1    c1667c48b99d3b6813d8fe3a25bd750b    sharejs-op    107    {"op":[{"i":"Nasser","p":0}],"v":4,"meta":{"source":"8f6a4217c09e522cf680ab15df43d9a4","ts":1485531559462}}
1485531559463    sent    -1    c5ccc5ce4e6cd48226640f2c853cd5f6    sharejs-op    107    {"op":[{"i":"Nasser","p":0}],"v":4,"meta":{"source":"8f6a4217c09e522cf680ab15df43d9a4","ts":1485531559462}}
1485531559463    sent    -1    b8d266540b657d970a18c119f84e34ce    sharejs-op    107    {"op":[{"i":"Nasser","p":0}],"v":4,"meta":{"source":"8f6a4217c09e522cf680ab15df43d9a4","ts":1485531559462}}
1485531559463    sent    -1    e5c6d088dd7ce286479a0e44ae108270    sharejs-op    107    {"op":[{"i":"Nasser","p":0}],"v":4,"meta":{"source":"8f6a4217c09e522cf680ab15df43d9a4","ts":1485531559462}}
1485531559463    sent    -1    5541cd2c5fa576ac083fbb96112e0096    sharejs-op    107    {"op":[{"i":"Nasser","p":0}],"v":4,"meta":{"source":"8f6a4217c09e522cf680ab15df43d9a4","ts":1485531559462}}
1485531559463    sent    -1    64f4bc470eb53907d6f220fb08ac5e5a    sharejs-op    107    {"op":[{"i":"Nasser","p":0}],"v":4,"meta":{"source":"8f6a4217c09e522cf680ab15df43d9a4","ts":1485531559462}}
1485531559463    sent    -1    26cb48fd14aeb4989fb6fed9edabbbd1    sharejs-op    107    {"op":[{"i":"Nasser","p":0}],"v":4,"meta":{"source":"8f6a4217c09e522cf680ab15df43d9a4","ts":1485531559462}}
1485531559463    sent    -1    55f4a0885dba33338e1bf08896942b02    sharejs-op    107    {"op":[{"i":"Nasser","p":0}],"v":4,"meta":{"source":"8f6a4217c09e522cf680ab15df43d9a4","ts":1485531559462}}
1485531559463    sent    -1    34047cbecde768ab6bfb8ad8ea74ffe4    sharejs-op    107    {"op":[{"i":"Nasser","p":0}],"v":4,"meta":{"source":"8f6a4217c09e522cf680ab15df43d9a4","ts":1485531559462}}
1485531559463    sent    -1    8f6a4217c09e522cf680ab15df43d9a4    sharejs-op    7    {"v":4}
1485531559475    received    c1667c48b99d3b6813d8fe3a25bd750b    -1    sharejs-op    69    {"op":[{"i":"garnisheeing","p":0}],"v":4,"doc":"experiment_0-181847"}
1485531559475    sent    -1    8f6a4217c09e522cf680ab15df43d9a4    sharejs-op    113    {"op":[{"i":"garnisheeing","p":0}],"v":5,"meta":{"source":"c1667c48b99d3b6813d8fe3a25bd750b","ts":1485531559475}}
1485531559475    sent    -1    c5ccc5ce4e6cd48226640f2c853cd5f6    sharejs-op    113    {"op":[{"i":"garnisheeing","p":0}],"v":5,"meta":{"source":"c1667c48b99d3b6813d8fe3a25bd750b","ts":1485531559475}}
1485531559475    sent    -1    b8d266540b657d970a18c119f84e34ce    sharejs-op    113    {"op":[{"i":"garnisheeing","p":0}],"v":5,"meta":{"source":"c1667c48b99d3b6813d8fe3a25bd750b","ts":1485531559475}}
1485531559475    sent    -1    e5c6d088dd7ce286479a0e44ae108270    sharejs-op    113    {"op":[{"i":"garnisheeing","p":0}],"v":5,"meta":{"source":"c1667c48b99d3b6813d8fe3a25bd750b","ts":1485531559475}}
1485531559475    sent    -1    5541cd2c5fa576ac083fbb96112e0096    sharejs-op    113    {"op":[{"i":"garnisheeing","p":0}],"v":5,"meta":{"source":"c1667c48b99d3b6813d8fe3a25bd750b","ts":1485531559475}}
1485531559476    sent    -1    64f4bc470eb53907d6f220fb08ac5e5a    sharejs-op    113    {"op":[{"i":"garnisheeing","p":0}],"v":5,"meta":{"source":"c1667c48b99d3b6813d8fe3a25bd750b","ts":1485531559475}}
1485531559476    sent    -1    26cb48fd14aeb4989fb6fed9edabbbd1    sharejs-op    113    {"op":[{"i":"garnisheeing","p":0}],"v":5,"meta":{"source":"c1667c48b99d3b6813d8fe3a25bd750b","ts":1485531559475}}
1485531559476    sent    -1    c1667c48b99d3b6813d8fe3a25bd750b    sharejs-op    7    {"v":5}
1485531559476    sent    -1    55f4a0885dba33338e1bf08896942b02    sharejs-op    113    {"op":[{"i":"garnisheeing","p":0}],"v":5,"meta":{"source":"c1667c48b99d3b6813d8fe3a25bd750b","ts":1485531559475}}
1485531559476    sent    -1    34047cbecde768ab6bfb8ad8ea74ffe4    sharejs-op    113    {"op":[{"i":"garnisheeing","p":0}],"v":5,"meta":{"source":"c1667c48b99d3b6813d8fe3a25bd750b","ts":1485531559475}}
1485531559511    received    c5ccc5ce4e6cd48226640f2c853cd5f6    -1    sharejs-op    63    {"op":[{"p":0,"i":"haloed"}],"v":4,"doc":"experiment_0-181847"}
1485531559512    sent    -1    8f6a4217c09e522cf680ab15df43d9a4    sharejs-op    107    {"op":[{"i":"haloed","p":0}],"v":6,"meta":{"source":"c5ccc5ce4e6cd48226640f2c853cd5f6","ts":1485531559512}}
1485531559512    sent    -1    b8d266540b657d970a18c119f84e34ce    sharejs-op    107    {"op":[{"i":"haloed","p":0}],"v":6,"meta":{"source":"c5ccc5ce4e6cd48226640f2c853cd5f6","ts":1485531559512}}
1485531559512    sent    -1    c1667c48b99d3b6813d8fe3a25bd750b    sharejs-op    107    {"op":[{"i":"haloed","p":0}],"v":6,"meta":{"source":"c5ccc5ce4e6cd48226640f2c853cd5f6","ts":1485531559512}}
1485531559512    sent    -1    e5c6d088dd7ce286479a0e44ae108270    sharejs-op    107    {"op":[{"i":"haloed","p":0}],"v":6,"meta":{"source":"c5ccc5ce4e6cd48226640f2c853cd5f6","ts":1485531559512}}
1485531559512    sent    -1    5541cd2c5fa576ac083fbb96112e0096    sharejs-op    107    {"op":[{"i":"haloed","p":0}],"v":6,"meta":{"source":"c5ccc5ce4e6cd48226640f2c853cd5f6","ts":1485531559512}}
1485531559512    sent    -1    55f4a0885dba33338e1bf08896942b02    sharejs-op    107    {"op":[{"i":"haloed","p":0}],"v":6,"meta":{"source":"c5ccc5ce4e6cd48226640f2c853cd5f6","ts":1485531559512}}
1485531559512    sent    -1    34047cbecde768ab6bfb8ad8ea74ffe4    sharejs-op    107    {"op":[{"i":"haloed","p":0}],"v":6,"meta":{"source":"c5ccc5ce4e6cd48226640f2c853cd5f6","ts":1485531559512}}
1485531559512    sent    -1    c5ccc5ce4e6cd48226640f2c853cd5f6    sharejs-op    7    {"v":6}
1485531559512    sent    -1    26cb48fd14aeb4989fb6fed9edabbbd1    sharejs-op    107    {"op":[{"i":"haloed","p":0}],"v":6,"meta":{"source":"c5ccc5ce4e6cd48226640f2c853cd5f6","ts":1485531559512}}
1485531559512    sent    -1    64f4bc470eb53907d6f220fb08ac5e5a    sharejs-op    107    {"op":[{"i":"haloed","p":0}],"v":6,"meta":{"source":"c5ccc5ce4e6cd48226640f2c853cd5f6","ts":1485531559512}}
1485531559554    received    64f4bc470eb53907d6f220fb08ac5e5a    -1    sharejs-op    64    {"op":[{"p":0,"i":"avenger"}],"v":6,"doc":"experiment_0-181847"}
1485531559555    sent    -1    8f6a4217c09e522cf680ab15df43d9a4    sharejs-op    108    {"op":[{"i":"avenger","p":0}],"v":7,"meta":{"source":"64f4bc470eb53907d6f220fb08ac5e5a","ts":1485531559555}}
1485531559555    sent    -1    c1667c48b99d3b6813d8fe3a25bd750b    sharejs-op    108    {"op":[{"i":"avenger","p":0}],"v":7,"meta":{"source":"64f4bc470eb53907d6f220fb08ac5e5a","ts":1485531559555}}
1485531559556    sent    -1    c5ccc5ce4e6cd48226640f2c853cd5f6    sharejs-op    108    {"op":[{"i":"avenger","p":0}],"v":7,"meta":{"source":"64f4bc470eb53907d6f220fb08ac5e5a","ts":1485531559555}}
1485531559557    sent    -1    b8d266540b657d970a18c119f84e34ce    sharejs-op    108    {"op":[{"i":"avenger","p":0}],"v":7,"meta":{"source":"64f4bc470eb53907d6f220fb08ac5e5a","ts":1485531559555}}
1485531559557    sent    -1    e5c6d088dd7ce286479a0e44ae108270    sharejs-op    108    {"op":[{"i":"avenger","p":0}],"v":7,"meta":{"source":"64f4bc470eb53907d6f220fb08ac5e5a","ts":1485531559555}}
1485531559557    sent    -1    5541cd2c5fa576ac083fbb96112e0096    sharejs-op    108    {"op":[{"i":"avenger","p":0}],"v":7,"meta":{"source":"64f4bc470eb53907d6f220fb08ac5e5a","ts":1485531559555}}
1485531559557    sent    -1    26cb48fd14aeb4989fb6fed9edabbbd1    sharejs-op    108    {"op":[{"i":"avenger","p":0}],"v":7,"meta":{"source":"64f4bc470eb53907d6f220fb08ac5e5a","ts":1485531559555}}
1485531559557    sent    -1    55f4a0885dba33338e1bf08896942b02    sharejs-op    108    {"op":[{"i":"avenger","p":0}],"v":7,"meta":{"source":"64f4bc470eb53907d6f220fb08ac5e5a","ts":1485531559555}}
1485531559558    sent    -1    34047cbecde768ab6bfb8ad8ea74ffe4    sharejs-op    108    {"op":[{"i":"avenger","p":0}],"v":7,"meta":{"source":"64f4bc470eb53907d6f220fb08ac5e5a","ts":1485531559555}}
1485531559558    sent    -1    64f4bc470eb53907d6f220fb08ac5e5a    sharejs-op    7    {"v":7}
1485531559594    received    b8d266540b657d970a18c119f84e34ce    -1    sharejs-op    61    {"op":[{"p":0,"i":"Amie"}],"v":7,"doc":"experiment_0-181847"}
1485531559594    sent    -1    8f6a4217c09e522cf680ab15df43d9a4    sharejs-op    105    {"op":[{"i":"Amie","p":0}],"v":8,"meta":{"source":"b8d266540b657d970a18c119f84e34ce","ts":1485531559594}}
1485531559594    sent    -1    c1667c48b99d3b6813d8fe3a25bd750b    sharejs-op    105    {"op":[{"i":"Amie","p":0}],"v":8,"meta":{"source":"b8d266540b657d970a18c119f84e34ce","ts":1485531559594}}
1485531559594    sent    -1    c5ccc5ce4e6cd48226640f2c853cd5f6    sharejs-op    105    {"op":[{"i":"Amie","p":0}],"v":8,"meta":{"source":"b8d266540b657d970a18c119f84e34ce","ts":1485531559594}}
1485531559596    sent    -1    e5c6d088dd7ce286479a0e44ae108270    sharejs-op    105    {"op":[{"i":"Amie","p":0}],"v":8,"meta":{"source":"b8d266540b657d970a18c119f84e34ce","ts":1485531559594}}
1485531559596    sent    -1    5541cd2c5fa576ac083fbb96112e0096    sharejs-op    105    {"op":[{"i":"Amie","p":0}],"v":8,"meta":{"source":"b8d266540b657d970a18c119f84e34ce","ts":1485531559594}}
1485531559596    sent    -1    64f4bc470eb53907d6f220fb08ac5e5a    sharejs-op    105    {"op":[{"i":"Amie","p":0}],"v":8,"meta":{"source":"b8d266540b657d970a18c119f84e34ce","ts":1485531559594}}
1485531559597    sent    -1    26cb48fd14aeb4989fb6fed9edabbbd1    sharejs-op    105    {"op":[{"i":"Amie","p":0}],"v":8,"meta":{"source":"b8d266540b657d970a18c119f84e34ce","ts":1485531559594}}
1485531559597    sent    -1    34047cbecde768ab6bfb8ad8ea74ffe4    sharejs-op    105    {"op":[{"i":"Amie","p":0}],"v":8,"meta":{"source":"b8d266540b657d970a18c119f84e34ce","ts":1485531559594}}
1485531559597    sent    -1    55f4a0885dba33338e1bf08896942b02    sharejs-op    105    {"op":[{"i":"Amie","p":0}],"v":8,"meta":{"source":"b8d266540b657d970a18c119f84e34ce","ts":1485531559594}}
1485531559597    sent    -1    b8d266540b657d970a18c119f84e34ce    sharejs-op    7    {"v":8}
1485531559609    received    34047cbecde768ab6bfb8ad8ea74ffe4    -1    sharejs-op    66    {"op":[{"i":"mongering","p":0}],"v":8,"doc":"experiment_0-181847"}
1485531559610    sent    -1    8f6a4217c09e522cf680ab15df43d9a4    sharejs-op    110    {"op":[{"i":"mongering","p":0}],"v":9,"meta":{"source":"34047cbecde768ab6bfb8ad8ea74ffe4","ts":1485531559610}}
1485531559610    sent    -1    c1667c48b99d3b6813d8fe3a25bd750b    sharejs-op    110    {"op":[{"i":"mongering","p":0}],"v":9,"meta":{"source":"34047cbecde768ab6bfb8ad8ea74ffe4","ts":1485531559610}}
1485531559610    sent    -1    c5ccc5ce4e6cd48226640f2c853cd5f6    sharejs-op    110    {"op":[{"i":"mongering","p":0}],"v":9,"meta":{"source":"34047cbecde768ab6bfb8ad8ea74ffe4","ts":1485531559610}}
1485531559610    sent    -1    64f4bc470eb53907d6f220fb08ac5e5a    sharejs-op    110    {"op":[{"i":"mongering","p":0}],"v":9,"meta":{"source":"34047cbecde768ab6bfb8ad8ea74ffe4","ts":1485531559610}}
1485531559610    sent    -1    26cb48fd14aeb4989fb6fed9edabbbd1    sharejs-op    110    {"op":[{"i":"mongering","p":0}],"v":9,"meta":{"source":"34047cbecde768ab6bfb8ad8ea74ffe4","ts":1485531559610}}
1485531559610    sent    -1    55f4a0885dba33338e1bf08896942b02    sharejs-op    110    {"op":[{"i":"mongering","p":0}],"v":9,"meta":{"source":"34047cbecde768ab6bfb8ad8ea74ffe4","ts":1485531559610}}
1485531559610    sent    -1    34047cbecde768ab6bfb8ad8ea74ffe4    sharejs-op    7    {"v":9}
1485531559610    sent    -1    b8d266540b657d970a18c119f84e34ce    sharejs-op    110    {"op":[{"i":"mongering","p":0}],"v":9,"meta":{"source":"34047cbecde768ab6bfb8ad8ea74ffe4","ts":1485531559610}}
1485531559610    sent    -1    e5c6d088dd7ce286479a0e44ae108270    sharejs-op    110    {"op":[{"i":"mongering","p":0}],"v":9,"meta":{"source":"34047cbecde768ab6bfb8ad8ea74ffe4","ts":1485531559610}}
1485531559610    sent    -1    5541cd2c5fa576ac083fbb96112e0096    sharejs-op    110    {"op":[{"i":"mongering","p":0}],"v":9,"meta":{"source":"34047cbecde768ab6bfb8ad8ea74ffe4","ts":1485531559610}}
